2025-06-21 11:11:14,761 - httpx - INFO - HTTP Request: POST https://api.telegram.org/bot7953046471:AAFi4pFiEm-_tVu30Ci81Pb3THkAdmYtKFY/getMe "HTTP/1.1 200 OK"
2025-06-21 11:11:15,067 - httpx - INFO - HTTP Request: POST https://api.telegram.org/bot7953046471:AAFi4pFiEm-_tVu30Ci81Pb3THkAdmYtKFY/deleteWebhook "HTTP/1.1 200 OK"
2025-06-21 11:11:15,070 - telegram.ext.Application - INFO - Application started
2025-06-21 11:11:25,612 - httpx - INFO - HTTP Request: POST https://api.telegram.org/bot7953046471:AAFi4pFiEm-_tVu30Ci81Pb3THkAdmYtKFY/getUpdates "HTTP/1.1 200 OK"
2025-06-21 11:11:31,758 - httpx - INFO - HTTP Request: POST https://api.telegram.org/bot7953046471:AAFi4pFiEm-_tVu30Ci81Pb3THkAdmYtKFY/getUpdates "HTTP/1.1 200 OK"
2025-06-21 11:11:32,576 - httpx - INFO - HTTP Request: POST https://api.telegram.org/bot7953046471:AAFi4pFiEm-_tVu30Ci81Pb3THkAdmYtKFY/sendMessage "HTTP/1.1 200 OK"
2025-06-21 11:11:41,917 - httpx - INFO - HTTP Request: POST https://api.telegram.org/bot7953046471:AAFi4pFiEm-_tVu30Ci81Pb3THkAdmYtKFY/getUpdates "HTTP/1.1 200 OK"
2025-06-21 11:11:44,865 - httpx - INFO - HTTP Request: POST https://api.telegram.org/bot7953046471:AAFi4pFiEm-_tVu30Ci81Pb3THkAdmYtKFY/getUpdates "HTTP/1.1 200 OK"
2025-06-21 11:11:45,582 - httpx - INFO - HTTP Request: POST https://api.telegram.org/bot7953046471:AAFi4pFiEm-_tVu30Ci81Pb3THkAdmYtKFY/answerCallbackQuery "HTTP/1.1 200 OK"
2025-06-21 11:11:45,931 - httpx - INFO - HTTP Request: POST https://api.telegram.org/bot7953046471:AAFi4pFiEm-_tVu30Ci81Pb3THkAdmYtKFY/sendMessage "HTTP/1.1 200 OK"
2025-06-21 11:11:53,614 - httpx - INFO - HTTP Request: POST https://api.telegram.org/bot7953046471:AAFi4pFiEm-_tVu30Ci81Pb3THkAdmYtKFY/getUpdates "HTTP/1.1 200 OK"
2025-06-21 11:11:54,592 - httpx - INFO - HTTP Request: POST https://api.telegram.org/bot7953046471:AAFi4pFiEm-_tVu30Ci81Pb3THkAdmYtKFY/sendMessage "HTTP/1.1 200 OK"
2025-06-21 11:12:03,812 - httpx - INFO - HTTP Request: POST https://api.telegram.org/bot7953046471:AAFi4pFiEm-_tVu30Ci81Pb3THkAdmYtKFY/getUpdates "HTTP/1.1 200 OK"
2025-06-21 11:12:04,837 - httpx - INFO - HTTP Request: POST https://api.telegram.org/bot7953046471:AAFi4pFiEm-_tVu30Ci81Pb3THkAdmYtKFY/getUpdates "HTTP/1.1 200 OK"
2025-06-21 11:12:05,856 - httpx - INFO - HTTP Request: POST https://api.telegram.org/bot7953046471:AAFi4pFiEm-_tVu30Ci81Pb3THkAdmYtKFY/sendMessage "HTTP/1.1 200 OK"
2025-06-21 11:12:13,127 - httpx - INFO - HTTP Request: POST https://api.telegram.org/bot7953046471:AAFi4pFiEm-_tVu30Ci81Pb3THkAdmYtKFY/getUpdates "HTTP/1.1 200 OK"
2025-06-21 11:12:13,945 - httpx - INFO - HTTP Request: POST https://api.telegram.org/bot7953046471:AAFi4pFiEm-_tVu30Ci81Pb3THkAdmYtKFY/sendMessage "HTTP/1.1 200 OK"
2025-06-21 11:12:16,153 - httpx - INFO - HTTP Request: POST https://api.telegram.org/bot7953046471:AAFi4pFiEm-_tVu30Ci81Pb3THkAdmYtKFY/getUpdates "HTTP/1.1 200 OK"
2025-06-21 11:12:16,609 - httpx - INFO - HTTP Request: POST https://api.telegram.org/bot7953046471:AAFi4pFiEm-_tVu30Ci81Pb3THkAdmYtKFY/sendMessage "HTTP/1.1 200 OK"
2025-06-21 11:12:20,495 - httpx - INFO - HTTP Request: POST https://api.telegram.org/bot7953046471:AAFi4pFiEm-_tVu30Ci81Pb3THkAdmYtKFY/getUpdates "HTTP/1.1 200 OK"
2025-06-21 11:12:20,834 - httpx - INFO - HTTP Request: POST https://api.telegram.org/bot7953046471:AAFi4pFiEm-_tVu30Ci81Pb3THkAdmYtKFY/answerCallbackQuery "HTTP/1.1 200 OK"
2025-06-21 11:12:21,421 - httpx - INFO - HTTP Request: POST https://api.telegram.org/bot7953046471:AAFi4pFiEm-_tVu30Ci81Pb3THkAdmYtKFY/sendMessage "HTTP/1.1 200 OK"
2025-06-21 11:12:27,259 - httpx - INFO - HTTP Request: POST https://api.telegram.org/bot7953046471:AAFi4pFiEm-_tVu30Ci81Pb3THkAdmYtKFY/getUpdates "HTTP/1.1 200 OK"
2025-06-21 11:12:28,159 - httpx - INFO - HTTP Request: POST https://api.telegram.org/bot7953046471:AAFi4pFiEm-_tVu30Ci81Pb3THkAdmYtKFY/answerCallbackQuery "HTTP/1.1 200 OK"
2025-06-21 11:12:28,596 - httpx - INFO - HTTP Request: POST https://api.telegram.org/bot7953046471:AAFi4pFiEm-_tVu30Ci81Pb3THkAdmYtKFY/editMessageText "HTTP/1.1 200 OK"
2025-06-21 11:12:34,120 - httpx - INFO - HTTP Request: POST https://api.telegram.org/bot7953046471:AAFi4pFiEm-_tVu30Ci81Pb3THkAdmYtKFY/getUpdates "HTTP/1.1 200 OK"
2025-06-21 11:12:34,127 - __main__ - ERROR - Error in patient identification: You cannot call this from an async context - use a thread or sync_to_async.
2025-06-21 11:12:35,144 - httpx - INFO - HTTP Request: POST https://api.telegram.org/bot7953046471:AAFi4pFiEm-_tVu30Ci81Pb3THkAdmYtKFY/sendMessage "HTTP/1.1 200 OK"
2025-06-21 11:12:39,855 - httpx - INFO - HTTP Request: POST https://api.telegram.org/bot7953046471:AAFi4pFiEm-_tVu30Ci81Pb3THkAdmYtKFY/getUpdates "HTTP/1.1 200 OK"
2025-06-21 11:12:40,264 - httpx - INFO - HTTP Request: POST https://api.telegram.org/bot7953046471:AAFi4pFiEm-_tVu30Ci81Pb3THkAdmYtKFY/answerCallbackQuery "HTTP/1.1 200 OK"
2025-06-21 11:12:40,776 - httpx - INFO - HTTP Request: POST https://api.telegram.org/bot7953046471:AAFi4pFiEm-_tVu30Ci81Pb3THkAdmYtKFY/sendMessage "HTTP/1.1 200 OK"
2025-06-21 11:12:49,382 - httpx - INFO - HTTP Request: POST https://api.telegram.org/bot7953046471:AAFi4pFiEm-_tVu30Ci81Pb3THkAdmYtKFY/getUpdates "HTTP/1.1 200 OK"
2025-06-21 11:12:50,285 - httpx - INFO - HTTP Request: POST https://api.telegram.org/bot7953046471:AAFi4pFiEm-_tVu30Ci81Pb3THkAdmYtKFY/answerCallbackQuery "HTTP/1.1 200 OK"
2025-06-21 11:12:50,812 - httpx - INFO - HTTP Request: POST https://api.telegram.org/bot7953046471:AAFi4pFiEm-_tVu30Ci81Pb3THkAdmYtKFY/sendMessage "HTTP/1.1 200 OK"
2025-06-21 11:12:59,619 - httpx - INFO - HTTP Request: POST https://api.telegram.org/bot7953046471:AAFi4pFiEm-_tVu30Ci81Pb3THkAdmYtKFY/getUpdates "HTTP/1.1 200 OK"
2025-06-21 11:13:09,859 - httpx - INFO - HTTP Request: POST https://api.telegram.org/bot7953046471:AAFi4pFiEm-_tVu30Ci81Pb3THkAdmYtKFY/getUpdates "HTTP/1.1 200 OK"
2025-06-21 11:13:15,186 - telegram.ext.Application - INFO - Application is stopping. This might take a moment.
2025-06-21 11:13:15,187 - telegram.ext.Application - INFO - Application.stop() complete
2025-06-21 12:03:39,148 - httpx - INFO - HTTP Request: POST https://api.telegram.org/bot7953046471:AAFi4pFiEm-_tVu30Ci81Pb3THkAdmYtKFY/getMe "HTTP/1.1 200 OK"
2025-06-21 12:03:39,427 - httpx - INFO - HTTP Request: POST https://api.telegram.org/bot7953046471:AAFi4pFiEm-_tVu30Ci81Pb3THkAdmYtKFY/deleteWebhook "HTTP/1.1 200 OK"
2025-06-21 12:03:39,437 - telegram.ext.Application - INFO - Application started
2025-06-21 12:03:49,568 - httpx - INFO - HTTP Request: POST https://api.telegram.org/bot7953046471:AAFi4pFiEm-_tVu30Ci81Pb3THkAdmYtKFY/getUpdates "HTTP/1.1 200 OK"
2025-06-21 12:03:50,336 - httpx - INFO - HTTP Request: POST https://api.telegram.org/bot7953046471:AAFi4pFiEm-_tVu30Ci81Pb3THkAdmYtKFY/sendMessage "HTTP/1.1 200 OK"
2025-06-21 12:03:54,584 - httpx - INFO - HTTP Request: POST https://api.telegram.org/bot7953046471:AAFi4pFiEm-_tVu30Ci81Pb3THkAdmYtKFY/getUpdates "HTTP/1.1 200 OK"
2025-06-21 12:03:54,982 - httpx - INFO - HTTP Request: POST https://api.telegram.org/bot7953046471:AAFi4pFiEm-_tVu30Ci81Pb3THkAdmYtKFY/answerCallbackQuery "HTTP/1.1 200 OK"
2025-06-21 12:03:55,322 - httpx - INFO - HTTP Request: POST https://api.telegram.org/bot7953046471:AAFi4pFiEm-_tVu30Ci81Pb3THkAdmYtKFY/editMessageText "HTTP/1.1 200 OK"
2025-06-21 12:03:56,945 - httpx - INFO - HTTP Request: POST https://api.telegram.org/bot7953046471:AAFi4pFiEm-_tVu30Ci81Pb3THkAdmYtKFY/getUpdates "HTTP/1.1 200 OK"
2025-06-21 12:03:57,350 - httpx - INFO - HTTP Request: POST https://api.telegram.org/bot7953046471:AAFi4pFiEm-_tVu30Ci81Pb3THkAdmYtKFY/answerCallbackQuery "HTTP/1.1 200 OK"
2025-06-21 12:03:57,758 - httpx - INFO - HTTP Request: POST https://api.telegram.org/bot7953046471:AAFi4pFiEm-_tVu30Ci81Pb3THkAdmYtKFY/editMessageText "HTTP/1.1 200 OK"
2025-06-21 12:04:05,155 - httpx - INFO - HTTP Request: POST https://api.telegram.org/bot7953046471:AAFi4pFiEm-_tVu30Ci81Pb3THkAdmYtKFY/getUpdates "HTTP/1.1 200 OK"
2025-06-21 12:04:05,162 - __main__ - ERROR - Error in patient identification: You cannot call this from an async context - use a thread or sync_to_async.
2025-06-21 12:04:06,059 - httpx - INFO - HTTP Request: POST https://api.telegram.org/bot7953046471:AAFi4pFiEm-_tVu30Ci81Pb3THkAdmYtKFY/sendMessage "HTTP/1.1 200 OK"
2025-06-21 12:04:15,474 - httpx - INFO - HTTP Request: POST https://api.telegram.org/bot7953046471:AAFi4pFiEm-_tVu30Ci81Pb3THkAdmYtKFY/getUpdates "HTTP/1.1 200 OK"
2025-06-21 12:04:25,826 - httpx - INFO - HTTP Request: POST https://api.telegram.org/bot7953046471:AAFi4pFiEm-_tVu30Ci81Pb3THkAdmYtKFY/getUpdates "HTTP/1.1 200 OK"
2025-06-21 12:04:36,055 - httpx - INFO - HTTP Request: POST https://api.telegram.org/bot7953046471:AAFi4pFiEm-_tVu30Ci81Pb3THkAdmYtKFY/getUpdates "HTTP/1.1 200 OK"
2025-06-21 12:04:46,296 - httpx - INFO - HTTP Request: POST https://api.telegram.org/bot7953046471:AAFi4pFiEm-_tVu30Ci81Pb3THkAdmYtKFY/getUpdates "HTTP/1.1 200 OK"
2025-06-21 12:04:56,532 - httpx - INFO - HTTP Request: POST https://api.telegram.org/bot7953046471:AAFi4pFiEm-_tVu30Ci81Pb3THkAdmYtKFY/getUpdates "HTTP/1.1 200 OK"
2025-06-21 12:05:06,776 - httpx - INFO - HTTP Request: POST https://api.telegram.org/bot7953046471:AAFi4pFiEm-_tVu30Ci81Pb3THkAdmYtKFY/getUpdates "HTTP/1.1 200 OK"
2025-06-21 12:05:17,017 - httpx - INFO - HTTP Request: POST https://api.telegram.org/bot7953046471:AAFi4pFiEm-_tVu30Ci81Pb3THkAdmYtKFY/getUpdates "HTTP/1.1 200 OK"
2025-06-21 12:05:27,269 - httpx - INFO - HTTP Request: POST https://api.telegram.org/bot7953046471:AAFi4pFiEm-_tVu30Ci81Pb3THkAdmYtKFY/getUpdates "HTTP/1.1 200 OK"
2025-06-21 12:05:37,493 - httpx - INFO - HTTP Request: POST https://api.telegram.org/bot7953046471:AAFi4pFiEm-_tVu30Ci81Pb3THkAdmYtKFY/getUpdates "HTTP/1.1 200 OK"
2025-06-21 12:05:47,738 - httpx - INFO - HTTP Request: POST https://api.telegram.org/bot7953046471:AAFi4pFiEm-_tVu30Ci81Pb3THkAdmYtKFY/getUpdates "HTTP/1.1 200 OK"
2025-06-21 12:05:57,979 - httpx - INFO - HTTP Request: POST https://api.telegram.org/bot7953046471:AAFi4pFiEm-_tVu30Ci81Pb3THkAdmYtKFY/getUpdates "HTTP/1.1 200 OK"
2025-06-21 12:06:08,220 - httpx - INFO - HTTP Request: POST https://api.telegram.org/bot7953046471:AAFi4pFiEm-_tVu30Ci81Pb3THkAdmYtKFY/getUpdates "HTTP/1.1 200 OK"
2025-06-21 12:06:18,458 - httpx - INFO - HTTP Request: POST https://api.telegram.org/bot7953046471:AAFi4pFiEm-_tVu30Ci81Pb3THkAdmYtKFY/getUpdates "HTTP/1.1 200 OK"
2025-06-21 12:06:28,701 - httpx - INFO - HTTP Request: POST https://api.telegram.org/bot7953046471:AAFi4pFiEm-_tVu30Ci81Pb3THkAdmYtKFY/getUpdates "HTTP/1.1 200 OK"
2025-06-21 12:06:38,938 - httpx - INFO - HTTP Request: POST https://api.telegram.org/bot7953046471:AAFi4pFiEm-_tVu30Ci81Pb3THkAdmYtKFY/getUpdates "HTTP/1.1 200 OK"
2025-06-21 12:06:49,183 - httpx - INFO - HTTP Request: POST https://api.telegram.org/bot7953046471:AAFi4pFiEm-_tVu30Ci81Pb3THkAdmYtKFY/getUpdates "HTTP/1.1 200 OK"
2025-06-21 12:06:59,421 - httpx - INFO - HTTP Request: POST https://api.telegram.org/bot7953046471:AAFi4pFiEm-_tVu30Ci81Pb3THkAdmYtKFY/getUpdates "HTTP/1.1 200 OK"
2025-06-21 12:07:09,661 - httpx - INFO - HTTP Request: POST https://api.telegram.org/bot7953046471:AAFi4pFiEm-_tVu30Ci81Pb3THkAdmYtKFY/getUpdates "HTTP/1.1 200 OK"
2025-06-21 12:07:19,900 - httpx - INFO - HTTP Request: POST https://api.telegram.org/bot7953046471:AAFi4pFiEm-_tVu30Ci81Pb3THkAdmYtKFY/getUpdates "HTTP/1.1 200 OK"
2025-06-21 12:07:30,149 - httpx - INFO - HTTP Request: POST https://api.telegram.org/bot7953046471:AAFi4pFiEm-_tVu30Ci81Pb3THkAdmYtKFY/getUpdates "HTTP/1.1 200 OK"
2025-06-21 12:07:40,382 - httpx - INFO - HTTP Request: POST https://api.telegram.org/bot7953046471:AAFi4pFiEm-_tVu30Ci81Pb3THkAdmYtKFY/getUpdates "HTTP/1.1 200 OK"
2025-06-21 12:07:50,621 - httpx - INFO - HTTP Request: POST https://api.telegram.org/bot7953046471:AAFi4pFiEm-_tVu30Ci81Pb3THkAdmYtKFY/getUpdates "HTTP/1.1 200 OK"
2025-06-21 12:08:00,849 - httpx - INFO - HTTP Request: POST https://api.telegram.org/bot7953046471:AAFi4pFiEm-_tVu30Ci81Pb3THkAdmYtKFY/getUpdates "HTTP/1.1 200 OK"
2025-06-21 12:08:11,101 - httpx - INFO - HTTP Request: POST https://api.telegram.org/bot7953046471:AAFi4pFiEm-_tVu30Ci81Pb3THkAdmYtKFY/getUpdates "HTTP/1.1 200 OK"
2025-06-21 12:08:21,341 - httpx - INFO - HTTP Request: POST https://api.telegram.org/bot7953046471:AAFi4pFiEm-_tVu30Ci81Pb3THkAdmYtKFY/getUpdates "HTTP/1.1 200 OK"
2025-06-21 12:08:31,567 - httpx - INFO - HTTP Request: POST https://api.telegram.org/bot7953046471:AAFi4pFiEm-_tVu30Ci81Pb3THkAdmYtKFY/getUpdates "HTTP/1.1 200 OK"
2025-06-21 12:08:41,790 - httpx - INFO - HTTP Request: POST https://api.telegram.org/bot7953046471:AAFi4pFiEm-_tVu30Ci81Pb3THkAdmYtKFY/getUpdates "HTTP/1.1 200 OK"
2025-06-21 12:08:52,076 - httpx - INFO - HTTP Request: POST https://api.telegram.org/bot7953046471:AAFi4pFiEm-_tVu30Ci81Pb3THkAdmYtKFY/getUpdates "HTTP/1.1 200 OK"
2025-06-21 12:09:02,306 - httpx - INFO - HTTP Request: POST https://api.telegram.org/bot7953046471:AAFi4pFiEm-_tVu30Ci81Pb3THkAdmYtKFY/getUpdates "HTTP/1.1 200 OK"
2025-06-21 12:09:12,694 - httpx - INFO - HTTP Request: POST https://api.telegram.org/bot7953046471:AAFi4pFiEm-_tVu30Ci81Pb3THkAdmYtKFY/getUpdates "HTTP/1.1 200 OK"
2025-06-21 12:09:22,918 - httpx - INFO - HTTP Request: POST https://api.telegram.org/bot7953046471:AAFi4pFiEm-_tVu30Ci81Pb3THkAdmYtKFY/getUpdates "HTTP/1.1 200 OK"
2025-06-21 12:09:33,228 - httpx - INFO - HTTP Request: POST https://api.telegram.org/bot7953046471:AAFi4pFiEm-_tVu30Ci81Pb3THkAdmYtKFY/getUpdates "HTTP/1.1 200 OK"
2025-06-21 12:09:43,521 - httpx - INFO - HTTP Request: POST https://api.telegram.org/bot7953046471:AAFi4pFiEm-_tVu30Ci81Pb3THkAdmYtKFY/getUpdates "HTTP/1.1 200 OK"
2025-06-21 12:09:53,812 - httpx - INFO - HTTP Request: POST https://api.telegram.org/bot7953046471:AAFi4pFiEm-_tVu30Ci81Pb3THkAdmYtKFY/getUpdates "HTTP/1.1 200 OK"
2025-06-21 12:10:04,050 - httpx - INFO - HTTP Request: POST https://api.telegram.org/bot7953046471:AAFi4pFiEm-_tVu30Ci81Pb3THkAdmYtKFY/getUpdates "HTTP/1.1 200 OK"
2025-06-21 12:10:14,274 - httpx - INFO - HTTP Request: POST https://api.telegram.org/bot7953046471:AAFi4pFiEm-_tVu30Ci81Pb3THkAdmYtKFY/getUpdates "HTTP/1.1 200 OK"
2025-06-21 12:10:24,497 - httpx - INFO - HTTP Request: POST https://api.telegram.org/bot7953046471:AAFi4pFiEm-_tVu30Ci81Pb3THkAdmYtKFY/getUpdates "HTTP/1.1 200 OK"
2025-06-21 12:10:34,728 - httpx - INFO - HTTP Request: POST https://api.telegram.org/bot7953046471:AAFi4pFiEm-_tVu30Ci81Pb3THkAdmYtKFY/getUpdates "HTTP/1.1 200 OK"
2025-06-21 12:10:44,955 - httpx - INFO - HTTP Request: POST https://api.telegram.org/bot7953046471:AAFi4pFiEm-_tVu30Ci81Pb3THkAdmYtKFY/getUpdates "HTTP/1.1 200 OK"
2025-06-21 12:10:55,285 - httpx - INFO - HTTP Request: POST https://api.telegram.org/bot7953046471:AAFi4pFiEm-_tVu30Ci81Pb3THkAdmYtKFY/getUpdates "HTTP/1.1 200 OK"
2025-06-21 12:11:05,507 - httpx - INFO - HTTP Request: POST https://api.telegram.org/bot7953046471:AAFi4pFiEm-_tVu30Ci81Pb3THkAdmYtKFY/getUpdates "HTTP/1.1 200 OK"
2025-06-21 12:11:15,837 - httpx - INFO - HTTP Request: POST https://api.telegram.org/bot7953046471:AAFi4pFiEm-_tVu30Ci81Pb3THkAdmYtKFY/getUpdates "HTTP/1.1 200 OK"
2025-06-21 12:11:26,061 - httpx - INFO - HTTP Request: POST https://api.telegram.org/bot7953046471:AAFi4pFiEm-_tVu30Ci81Pb3THkAdmYtKFY/getUpdates "HTTP/1.1 200 OK"
2025-06-21 12:11:36,329 - httpx - INFO - HTTP Request: POST https://api.telegram.org/bot7953046471:AAFi4pFiEm-_tVu30Ci81Pb3THkAdmYtKFY/getUpdates "HTTP/1.1 200 OK"
2025-06-21 12:11:46,663 - httpx - INFO - HTTP Request: POST https://api.telegram.org/bot7953046471:AAFi4pFiEm-_tVu30Ci81Pb3THkAdmYtKFY/getUpdates "HTTP/1.1 200 OK"
2025-06-21 12:11:56,890 - httpx - INFO - HTTP Request: POST https://api.telegram.org/bot7953046471:AAFi4pFiEm-_tVu30Ci81Pb3THkAdmYtKFY/getUpdates "HTTP/1.1 200 OK"
2025-06-21 12:12:07,113 - httpx - INFO - HTTP Request: POST https://api.telegram.org/bot7953046471:AAFi4pFiEm-_tVu30Ci81Pb3THkAdmYtKFY/getUpdates "HTTP/1.1 200 OK"
2025-06-21 12:12:17,379 - httpx - INFO - HTTP Request: POST https://api.telegram.org/bot7953046471:AAFi4pFiEm-_tVu30Ci81Pb3THkAdmYtKFY/getUpdates "HTTP/1.1 200 OK"
2025-06-21 12:12:27,619 - httpx - INFO - HTTP Request: POST https://api.telegram.org/bot7953046471:AAFi4pFiEm-_tVu30Ci81Pb3THkAdmYtKFY/getUpdates "HTTP/1.1 200 OK"
2025-06-21 12:12:37,858 - httpx - INFO - HTTP Request: POST https://api.telegram.org/bot7953046471:AAFi4pFiEm-_tVu30Ci81Pb3THkAdmYtKFY/getUpdates "HTTP/1.1 200 OK"
2025-06-21 12:12:48,099 - httpx - INFO - HTTP Request: POST https://api.telegram.org/bot7953046471:AAFi4pFiEm-_tVu30Ci81Pb3THkAdmYtKFY/getUpdates "HTTP/1.1 200 OK"
2025-06-21 12:12:58,324 - httpx - INFO - HTTP Request: POST https://api.telegram.org/bot7953046471:AAFi4pFiEm-_tVu30Ci81Pb3THkAdmYtKFY/getUpdates "HTTP/1.1 200 OK"
2025-06-21 12:13:08,547 - httpx - INFO - HTTP Request: POST https://api.telegram.org/bot7953046471:AAFi4pFiEm-_tVu30Ci81Pb3THkAdmYtKFY/getUpdates "HTTP/1.1 200 OK"
2025-06-21 12:13:18,797 - httpx - INFO - HTTP Request: POST https://api.telegram.org/bot7953046471:AAFi4pFiEm-_tVu30Ci81Pb3THkAdmYtKFY/getUpdates "HTTP/1.1 200 OK"
2025-06-21 12:13:29,018 - httpx - INFO - HTTP Request: POST https://api.telegram.org/bot7953046471:AAFi4pFiEm-_tVu30Ci81Pb3THkAdmYtKFY/getUpdates "HTTP/1.1 200 OK"
2025-06-21 12:13:39,238 - httpx - INFO - HTTP Request: POST https://api.telegram.org/bot7953046471:AAFi4pFiEm-_tVu30Ci81Pb3THkAdmYtKFY/getUpdates "HTTP/1.1 200 OK"
2025-06-21 12:13:49,464 - httpx - INFO - HTTP Request: POST https://api.telegram.org/bot7953046471:AAFi4pFiEm-_tVu30Ci81Pb3THkAdmYtKFY/getUpdates "HTTP/1.1 200 OK"
2025-06-21 12:13:59,688 - httpx - INFO - HTTP Request: POST https://api.telegram.org/bot7953046471:AAFi4pFiEm-_tVu30Ci81Pb3THkAdmYtKFY/getUpdates "HTTP/1.1 200 OK"
2025-06-21 12:14:09,923 - httpx - INFO - HTTP Request: POST https://api.telegram.org/bot7953046471:AAFi4pFiEm-_tVu30Ci81Pb3THkAdmYtKFY/getUpdates "HTTP/1.1 200 OK"
2025-06-21 12:14:20,146 - httpx - INFO - HTTP Request: POST https://api.telegram.org/bot7953046471:AAFi4pFiEm-_tVu30Ci81Pb3THkAdmYtKFY/getUpdates "HTTP/1.1 200 OK"
2025-06-21 12:14:30,370 - httpx - INFO - HTTP Request: POST https://api.telegram.org/bot7953046471:AAFi4pFiEm-_tVu30Ci81Pb3THkAdmYtKFY/getUpdates "HTTP/1.1 200 OK"
2025-06-21 12:14:40,590 - httpx - INFO - HTTP Request: POST https://api.telegram.org/bot7953046471:AAFi4pFiEm-_tVu30Ci81Pb3THkAdmYtKFY/getUpdates "HTTP/1.1 200 OK"
2025-06-21 12:14:50,811 - httpx - INFO - HTTP Request: POST https://api.telegram.org/bot7953046471:AAFi4pFiEm-_tVu30Ci81Pb3THkAdmYtKFY/getUpdates "HTTP/1.1 200 OK"
2025-06-21 12:15:01,032 - httpx - INFO - HTTP Request: POST https://api.telegram.org/bot7953046471:AAFi4pFiEm-_tVu30Ci81Pb3THkAdmYtKFY/getUpdates "HTTP/1.1 200 OK"
2025-06-21 12:15:11,361 - httpx - INFO - HTTP Request: POST https://api.telegram.org/bot7953046471:AAFi4pFiEm-_tVu30Ci81Pb3THkAdmYtKFY/getUpdates "HTTP/1.1 200 OK"
2025-06-21 12:15:21,600 - httpx - INFO - HTTP Request: POST https://api.telegram.org/bot7953046471:AAFi4pFiEm-_tVu30Ci81Pb3THkAdmYtKFY/getUpdates "HTTP/1.1 200 OK"
2025-06-21 12:15:31,844 - httpx - INFO - HTTP Request: POST https://api.telegram.org/bot7953046471:AAFi4pFiEm-_tVu30Ci81Pb3THkAdmYtKFY/getUpdates "HTTP/1.1 200 OK"
2025-06-21 12:15:42,081 - httpx - INFO - HTTP Request: POST https://api.telegram.org/bot7953046471:AAFi4pFiEm-_tVu30Ci81Pb3THkAdmYtKFY/getUpdates "HTTP/1.1 200 OK"
2025-06-21 12:15:52,315 - httpx - INFO - HTTP Request: POST https://api.telegram.org/bot7953046471:AAFi4pFiEm-_tVu30Ci81Pb3THkAdmYtKFY/getUpdates "HTTP/1.1 200 OK"
2025-06-21 12:16:02,562 - httpx - INFO - HTTP Request: POST https://api.telegram.org/bot7953046471:AAFi4pFiEm-_tVu30Ci81Pb3THkAdmYtKFY/getUpdates "HTTP/1.1 200 OK"
2025-06-21 12:16:12,804 - httpx - INFO - HTTP Request: POST https://api.telegram.org/bot7953046471:AAFi4pFiEm-_tVu30Ci81Pb3THkAdmYtKFY/getUpdates "HTTP/1.1 200 OK"
2025-06-21 12:16:23,031 - httpx - INFO - HTTP Request: POST https://api.telegram.org/bot7953046471:AAFi4pFiEm-_tVu30Ci81Pb3THkAdmYtKFY/getUpdates "HTTP/1.1 200 OK"
2025-06-21 12:16:33,257 - httpx - INFO - HTTP Request: POST https://api.telegram.org/bot7953046471:AAFi4pFiEm-_tVu30Ci81Pb3THkAdmYtKFY/getUpdates "HTTP/1.1 200 OK"
2025-06-21 12:16:43,485 - httpx - INFO - HTTP Request: POST https://api.telegram.org/bot7953046471:AAFi4pFiEm-_tVu30Ci81Pb3THkAdmYtKFY/getUpdates "HTTP/1.1 200 OK"
2025-06-21 12:16:53,706 - httpx - INFO - HTTP Request: POST https://api.telegram.org/bot7953046471:AAFi4pFiEm-_tVu30Ci81Pb3THkAdmYtKFY/getUpdates "HTTP/1.1 200 OK"
2025-06-21 12:17:03,928 - httpx - INFO - HTTP Request: POST https://api.telegram.org/bot7953046471:AAFi4pFiEm-_tVu30Ci81Pb3THkAdmYtKFY/getUpdates "HTTP/1.1 200 OK"
2025-06-21 12:17:14,150 - httpx - INFO - HTTP Request: POST https://api.telegram.org/bot7953046471:AAFi4pFiEm-_tVu30Ci81Pb3THkAdmYtKFY/getUpdates "HTTP/1.1 200 OK"
2025-06-21 12:17:24,484 - httpx - INFO - HTTP Request: POST https://api.telegram.org/bot7953046471:AAFi4pFiEm-_tVu30Ci81Pb3THkAdmYtKFY/getUpdates "HTTP/1.1 200 OK"
2025-06-21 12:17:34,723 - httpx - INFO - HTTP Request: POST https://api.telegram.org/bot7953046471:AAFi4pFiEm-_tVu30Ci81Pb3THkAdmYtKFY/getUpdates "HTTP/1.1 200 OK"
2025-06-21 12:17:44,962 - httpx - INFO - HTTP Request: POST https://api.telegram.org/bot7953046471:AAFi4pFiEm-_tVu30Ci81Pb3THkAdmYtKFY/getUpdates "HTTP/1.1 200 OK"
2025-06-21 12:17:55,208 - httpx - INFO - HTTP Request: POST https://api.telegram.org/bot7953046471:AAFi4pFiEm-_tVu30Ci81Pb3THkAdmYtKFY/getUpdates "HTTP/1.1 200 OK"
2025-06-21 12:18:05,443 - httpx - INFO - HTTP Request: POST https://api.telegram.org/bot7953046471:AAFi4pFiEm-_tVu30Ci81Pb3THkAdmYtKFY/getUpdates "HTTP/1.1 200 OK"
2025-06-21 12:18:15,684 - httpx - INFO - HTTP Request: POST https://api.telegram.org/bot7953046471:AAFi4pFiEm-_tVu30Ci81Pb3THkAdmYtKFY/getUpdates "HTTP/1.1 200 OK"
2025-06-21 12:18:25,924 - httpx - INFO - HTTP Request: POST https://api.telegram.org/bot7953046471:AAFi4pFiEm-_tVu30Ci81Pb3THkAdmYtKFY/getUpdates "HTTP/1.1 200 OK"
2025-06-21 12:18:36,146 - httpx - INFO - HTTP Request: POST https://api.telegram.org/bot7953046471:AAFi4pFiEm-_tVu30Ci81Pb3THkAdmYtKFY/getUpdates "HTTP/1.1 200 OK"
2025-06-21 12:18:43,532 - telegram.ext.Application - INFO - Application is stopping. This might take a moment.
2025-06-21 12:18:43,533 - telegram.ext.Application - INFO - Application.stop() complete
