2025-06-21 12:19:24,273 - __main__ - ERROR - Failed to start bot: 'MedicalTelegramBot' object has no attribute 'help_command'
2025-06-21 12:23:02,619 - __main__ - INFO - Medical Communication Bot Initialized
2025-06-21 12:23:02,620 - __main__ - ERROR - Failed to start bot: 'MedicalTelegramBot' object has no attribute 'run'
2025-06-21 12:23:32,377 - __main__ - INFO - Medical Communication Bot Initialized
2025-06-21 12:23:32,377 - __main__ - INFO - Starting Medical Communication Bot...
2025-06-21 12:23:33,136 - httpx - INFO - HTTP Request: POST https://api.telegram.org/bot7953046471:AAFi4pFiEm-_tVu30Ci81Pb3THkAdmYtKFY/getMe "HTTP/1.1 200 OK"
2025-06-21 12:23:33,340 - httpx - INFO - HTTP Request: POST https://api.telegram.org/bot7953046471:AAFi4pFiEm-_tVu30Ci81Pb3THkAdmYtKFY/deleteWebhook "HTTP/1.1 200 OK"
2025-06-21 12:23:33,349 - telegram.ext.Application - INFO - Application started
2025-06-21 12:23:41,646 - httpx - INFO - HTTP Request: POST https://api.telegram.org/bot7953046471:AAFi4pFiEm-_tVu30Ci81Pb3THkAdmYtKFY/getUpdates "HTTP/1.1 200 OK"
2025-06-21 12:23:42,451 - httpx - INFO - HTTP Request: POST https://api.telegram.org/bot7953046471:AAFi4pFiEm-_tVu30Ci81Pb3THkAdmYtKFY/sendMessage "HTTP/1.1 200 OK"
2025-06-21 12:23:46,649 - httpx - INFO - HTTP Request: POST https://api.telegram.org/bot7953046471:AAFi4pFiEm-_tVu30Ci81Pb3THkAdmYtKFY/getUpdates "HTTP/1.1 200 OK"
2025-06-21 12:23:46,968 - httpx - INFO - HTTP Request: POST https://api.telegram.org/bot7953046471:AAFi4pFiEm-_tVu30Ci81Pb3THkAdmYtKFY/answerCallbackQuery "HTTP/1.1 200 OK"
2025-06-21 12:23:47,775 - httpx - INFO - HTTP Request: POST https://api.telegram.org/bot7953046471:AAFi4pFiEm-_tVu30Ci81Pb3THkAdmYtKFY/editMessageText "HTTP/1.1 200 OK"
2025-06-21 12:23:48,890 - httpx - INFO - HTTP Request: POST https://api.telegram.org/bot7953046471:AAFi4pFiEm-_tVu30Ci81Pb3THkAdmYtKFY/getUpdates "HTTP/1.1 200 OK"
2025-06-21 12:23:49,208 - httpx - INFO - HTTP Request: POST https://api.telegram.org/bot7953046471:AAFi4pFiEm-_tVu30Ci81Pb3THkAdmYtKFY/answerCallbackQuery "HTTP/1.1 200 OK"
2025-06-21 12:23:49,624 - httpx - INFO - HTTP Request: POST https://api.telegram.org/bot7953046471:AAFi4pFiEm-_tVu30Ci81Pb3THkAdmYtKFY/editMessageText "HTTP/1.1 200 OK"
2025-06-21 12:23:53,714 - httpx - INFO - HTTP Request: POST https://api.telegram.org/bot7953046471:AAFi4pFiEm-_tVu30Ci81Pb3THkAdmYtKFY/getUpdates "HTTP/1.1 200 OK"
2025-06-21 12:23:54,124 - httpx - INFO - HTTP Request: POST https://api.telegram.org/bot7953046471:AAFi4pFiEm-_tVu30Ci81Pb3THkAdmYtKFY/sendMessage "HTTP/1.1 200 OK"
2025-06-21 12:23:59,868 - httpx - INFO - HTTP Request: POST https://api.telegram.org/bot7953046471:AAFi4pFiEm-_tVu30Ci81Pb3THkAdmYtKFY/getUpdates "HTTP/1.1 200 OK"
2025-06-21 12:24:00,883 - httpx - INFO - HTTP Request: POST https://api.telegram.org/bot7953046471:AAFi4pFiEm-_tVu30Ci81Pb3THkAdmYtKFY/sendMessage "HTTP/1.1 200 OK"
2025-06-21 12:24:02,724 - httpx - INFO - HTTP Request: POST https://api.telegram.org/bot7953046471:AAFi4pFiEm-_tVu30Ci81Pb3THkAdmYtKFY/getUpdates "HTTP/1.1 200 OK"
2025-06-21 12:24:03,118 - httpx - INFO - HTTP Request: POST https://api.telegram.org/bot7953046471:AAFi4pFiEm-_tVu30Ci81Pb3THkAdmYtKFY/answerCallbackQuery "HTTP/1.1 200 OK"
2025-06-21 12:24:03,648 - httpx - INFO - HTTP Request: POST https://api.telegram.org/bot7953046471:AAFi4pFiEm-_tVu30Ci81Pb3THkAdmYtKFY/editMessageText "HTTP/1.1 200 OK"
2025-06-21 12:24:05,287 - httpx - INFO - HTTP Request: POST https://api.telegram.org/bot7953046471:AAFi4pFiEm-_tVu30Ci81Pb3THkAdmYtKFY/getUpdates "HTTP/1.1 200 OK"
2025-06-21 12:24:05,683 - httpx - INFO - HTTP Request: POST https://api.telegram.org/bot7953046471:AAFi4pFiEm-_tVu30Ci81Pb3THkAdmYtKFY/answerCallbackQuery "HTTP/1.1 200 OK"
2025-06-21 12:24:06,086 - httpx - INFO - HTTP Request: POST https://api.telegram.org/bot7953046471:AAFi4pFiEm-_tVu30Ci81Pb3THkAdmYtKFY/editMessageText "HTTP/1.1 200 OK"
2025-06-21 12:24:13,378 - httpx - INFO - HTTP Request: POST https://api.telegram.org/bot7953046471:AAFi4pFiEm-_tVu30Ci81Pb3THkAdmYtKFY/getUpdates "HTTP/1.1 200 OK"
2025-06-21 12:24:13,403 - __main__ - ERROR - Error in patient identification: Cannot resolve keyword 'phone' into field. Choices are: breastcancerprediction, chatsession, date_joined, diabetesprediction, email, email_verified, emailaddress, first_name, groups, id, is_active, is_doctor, is_staff, is_superuser, last_login, last_name, license_number, liverdiseaseprediction, logentry, password, patients, predictionreport, profile, socialaccount, specialization, user_permissions, username, verification_token, verification_token_created, years_of_experience
2025-06-21 12:24:14,235 - httpx - INFO - HTTP Request: POST https://api.telegram.org/bot7953046471:AAFi4pFiEm-_tVu30Ci81Pb3THkAdmYtKFY/sendMessage "HTTP/1.1 200 OK"
2025-06-21 12:24:21,158 - httpx - INFO - HTTP Request: POST https://api.telegram.org/bot7953046471:AAFi4pFiEm-_tVu30Ci81Pb3THkAdmYtKFY/getUpdates "HTTP/1.1 200 OK"
2025-06-21 12:24:21,937 - httpx - INFO - HTTP Request: POST https://api.telegram.org/bot7953046471:AAFi4pFiEm-_tVu30Ci81Pb3THkAdmYtKFY/sendMessage "HTTP/1.1 200 OK"
2025-06-21 12:24:30,782 - httpx - INFO - HTTP Request: POST https://api.telegram.org/bot7953046471:AAFi4pFiEm-_tVu30Ci81Pb3THkAdmYtKFY/getUpdates "HTTP/1.1 200 OK"
2025-06-21 12:24:31,602 - httpx - INFO - HTTP Request: POST https://api.telegram.org/bot7953046471:AAFi4pFiEm-_tVu30Ci81Pb3THkAdmYtKFY/answerCallbackQuery "HTTP/1.1 200 OK"
2025-06-21 12:24:32,011 - httpx - INFO - HTTP Request: POST https://api.telegram.org/bot7953046471:AAFi4pFiEm-_tVu30Ci81Pb3THkAdmYtKFY/editMessageText "HTTP/1.1 200 OK"
2025-06-21 12:24:32,627 - httpx - INFO - HTTP Request: POST https://api.telegram.org/bot7953046471:AAFi4pFiEm-_tVu30Ci81Pb3THkAdmYtKFY/getUpdates "HTTP/1.1 200 OK"
2025-06-21 12:24:33,038 - httpx - INFO - HTTP Request: POST https://api.telegram.org/bot7953046471:AAFi4pFiEm-_tVu30Ci81Pb3THkAdmYtKFY/answerCallbackQuery "HTTP/1.1 200 OK"
2025-06-21 12:24:33,448 - httpx - INFO - HTTP Request: POST https://api.telegram.org/bot7953046471:AAFi4pFiEm-_tVu30Ci81Pb3THkAdmYtKFY/editMessageText "HTTP/1.1 200 OK"
2025-06-21 12:24:36,826 - httpx - INFO - HTTP Request: POST https://api.telegram.org/bot7953046471:AAFi4pFiEm-_tVu30Ci81Pb3THkAdmYtKFY/getUpdates "HTTP/1.1 200 OK"
2025-06-21 12:24:36,830 - __main__ - ERROR - Error in patient identification: Cannot resolve keyword 'patient_id' into field. Choices are: address, allergies, breast_cancer_predictions, contact_number, created_at, date_of_birth, diabetes_predictions, doctor, doctor_id, email, first_name, gender, id, last_name, liver_disease_predictions, medical_history, prediction_reports, updated_at
2025-06-21 12:24:37,235 - httpx - INFO - HTTP Request: POST https://api.telegram.org/bot7953046471:AAFi4pFiEm-_tVu30Ci81Pb3THkAdmYtKFY/sendMessage "HTTP/1.1 200 OK"
2025-06-21 12:24:47,068 - httpx - INFO - HTTP Request: POST https://api.telegram.org/bot7953046471:AAFi4pFiEm-_tVu30Ci81Pb3THkAdmYtKFY/getUpdates "HTTP/1.1 200 OK"
2025-06-21 12:24:57,289 - httpx - INFO - HTTP Request: POST https://api.telegram.org/bot7953046471:AAFi4pFiEm-_tVu30Ci81Pb3THkAdmYtKFY/getUpdates "HTTP/1.1 200 OK"
2025-06-21 12:25:07,647 - httpx - INFO - HTTP Request: POST https://api.telegram.org/bot7953046471:AAFi4pFiEm-_tVu30Ci81Pb3THkAdmYtKFY/getUpdates "HTTP/1.1 200 OK"
2025-06-21 12:25:17,889 - httpx - INFO - HTTP Request: POST https://api.telegram.org/bot7953046471:AAFi4pFiEm-_tVu30Ci81Pb3THkAdmYtKFY/getUpdates "HTTP/1.1 200 OK"
2025-06-21 12:25:28,128 - httpx - INFO - HTTP Request: POST https://api.telegram.org/bot7953046471:AAFi4pFiEm-_tVu30Ci81Pb3THkAdmYtKFY/getUpdates "HTTP/1.1 200 OK"
2025-06-21 12:25:38,350 - httpx - INFO - HTTP Request: POST https://api.telegram.org/bot7953046471:AAFi4pFiEm-_tVu30Ci81Pb3THkAdmYtKFY/getUpdates "HTTP/1.1 200 OK"
2025-06-21 12:25:39,597 - httpx - INFO - HTTP Request: POST https://api.telegram.org/bot7953046471:AAFi4pFiEm-_tVu30Ci81Pb3THkAdmYtKFY/getUpdates "HTTP/1.1 200 OK"
2025-06-21 12:25:40,319 - httpx - INFO - HTTP Request: POST https://api.telegram.org/bot7953046471:AAFi4pFiEm-_tVu30Ci81Pb3THkAdmYtKFY/sendMessage "HTTP/1.1 200 OK"
2025-06-21 12:25:42,410 - httpx - INFO - HTTP Request: POST https://api.telegram.org/bot7953046471:AAFi4pFiEm-_tVu30Ci81Pb3THkAdmYtKFY/getUpdates "HTTP/1.1 200 OK"
2025-06-21 12:25:42,731 - httpx - INFO - HTTP Request: POST https://api.telegram.org/bot7953046471:AAFi4pFiEm-_tVu30Ci81Pb3THkAdmYtKFY/answerCallbackQuery "HTTP/1.1 200 OK"
2025-06-21 12:25:43,078 - httpx - INFO - HTTP Request: POST https://api.telegram.org/bot7953046471:AAFi4pFiEm-_tVu30Ci81Pb3THkAdmYtKFY/editMessageText "HTTP/1.1 200 OK"
2025-06-21 12:25:49,228 - httpx - INFO - HTTP Request: POST https://api.telegram.org/bot7953046471:AAFi4pFiEm-_tVu30Ci81Pb3THkAdmYtKFY/getUpdates "HTTP/1.1 200 OK"
2025-06-21 12:25:50,044 - httpx - INFO - HTTP Request: POST https://api.telegram.org/bot7953046471:AAFi4pFiEm-_tVu30Ci81Pb3THkAdmYtKFY/sendMessage "HTTP/1.1 200 OK"
2025-06-21 12:25:52,295 - httpx - INFO - HTTP Request: POST https://api.telegram.org/bot7953046471:AAFi4pFiEm-_tVu30Ci81Pb3THkAdmYtKFY/getUpdates "HTTP/1.1 200 OK"
2025-06-21 12:25:52,863 - httpx - INFO - HTTP Request: POST https://api.telegram.org/bot7953046471:AAFi4pFiEm-_tVu30Ci81Pb3THkAdmYtKFY/answerCallbackQuery "HTTP/1.1 200 OK"
2025-06-21 12:25:53,203 - httpx - INFO - HTTP Request: POST https://api.telegram.org/bot7953046471:AAFi4pFiEm-_tVu30Ci81Pb3THkAdmYtKFY/editMessageText "HTTP/1.1 200 OK"
2025-06-21 12:25:54,568 - httpx - INFO - HTTP Request: POST https://api.telegram.org/bot7953046471:AAFi4pFiEm-_tVu30Ci81Pb3THkAdmYtKFY/getUpdates "HTTP/1.1 200 OK"
2025-06-21 12:25:54,935 - httpx - INFO - HTTP Request: POST https://api.telegram.org/bot7953046471:AAFi4pFiEm-_tVu30Ci81Pb3THkAdmYtKFY/answerCallbackQuery "HTTP/1.1 200 OK"
2025-06-21 12:25:55,367 - httpx - INFO - HTTP Request: POST https://api.telegram.org/bot7953046471:AAFi4pFiEm-_tVu30Ci81Pb3THkAdmYtKFY/editMessageText "HTTP/1.1 200 OK"
2025-06-21 12:26:02,944 - httpx - INFO - HTTP Request: POST https://api.telegram.org/bot7953046471:AAFi4pFiEm-_tVu30Ci81Pb3THkAdmYtKFY/getUpdates "HTTP/1.1 200 OK"
2025-06-21 12:26:03,768 - httpx - INFO - HTTP Request: POST https://api.telegram.org/bot7953046471:AAFi4pFiEm-_tVu30Ci81Pb3THkAdmYtKFY/sendMessage "HTTP/1.1 200 OK"
2025-06-21 12:26:13,170 - httpx - INFO - HTTP Request: POST https://api.telegram.org/bot7953046471:AAFi4pFiEm-_tVu30Ci81Pb3THkAdmYtKFY/getUpdates "HTTP/1.1 200 OK"
2025-06-21 12:26:23,395 - httpx - INFO - HTTP Request: POST https://api.telegram.org/bot7953046471:AAFi4pFiEm-_tVu30Ci81Pb3THkAdmYtKFY/getUpdates "HTTP/1.1 200 OK"
2025-06-21 12:26:33,616 - httpx - INFO - HTTP Request: POST https://api.telegram.org/bot7953046471:AAFi4pFiEm-_tVu30Ci81Pb3THkAdmYtKFY/getUpdates "HTTP/1.1 200 OK"
2025-06-21 12:26:43,907 - httpx - INFO - HTTP Request: POST https://api.telegram.org/bot7953046471:AAFi4pFiEm-_tVu30Ci81Pb3THkAdmYtKFY/getUpdates "HTTP/1.1 200 OK"
2025-06-21 12:26:54,147 - httpx - INFO - HTTP Request: POST https://api.telegram.org/bot7953046471:AAFi4pFiEm-_tVu30Ci81Pb3THkAdmYtKFY/getUpdates "HTTP/1.1 200 OK"
2025-06-21 12:27:04,387 - httpx - INFO - HTTP Request: POST https://api.telegram.org/bot7953046471:AAFi4pFiEm-_tVu30Ci81Pb3THkAdmYtKFY/getUpdates "HTTP/1.1 200 OK"
2025-06-21 12:27:14,626 - httpx - INFO - HTTP Request: POST https://api.telegram.org/bot7953046471:AAFi4pFiEm-_tVu30Ci81Pb3THkAdmYtKFY/getUpdates "HTTP/1.1 200 OK"
2025-06-21 12:27:24,869 - httpx - INFO - HTTP Request: POST https://api.telegram.org/bot7953046471:AAFi4pFiEm-_tVu30Ci81Pb3THkAdmYtKFY/getUpdates "HTTP/1.1 200 OK"
2025-06-21 12:27:35,107 - httpx - INFO - HTTP Request: POST https://api.telegram.org/bot7953046471:AAFi4pFiEm-_tVu30Ci81Pb3THkAdmYtKFY/getUpdates "HTTP/1.1 200 OK"
2025-06-21 12:27:45,347 - httpx - INFO - HTTP Request: POST https://api.telegram.org/bot7953046471:AAFi4pFiEm-_tVu30Ci81Pb3THkAdmYtKFY/getUpdates "HTTP/1.1 200 OK"
2025-06-21 12:27:55,588 - httpx - INFO - HTTP Request: POST https://api.telegram.org/bot7953046471:AAFi4pFiEm-_tVu30Ci81Pb3THkAdmYtKFY/getUpdates "HTTP/1.1 200 OK"
2025-06-21 12:28:05,815 - httpx - INFO - HTTP Request: POST https://api.telegram.org/bot7953046471:AAFi4pFiEm-_tVu30Ci81Pb3THkAdmYtKFY/getUpdates "HTTP/1.1 200 OK"
2025-06-21 12:28:16,068 - httpx - INFO - HTTP Request: POST https://api.telegram.org/bot7953046471:AAFi4pFiEm-_tVu30Ci81Pb3THkAdmYtKFY/getUpdates "HTTP/1.1 200 OK"
2025-06-21 12:28:26,308 - httpx - INFO - HTTP Request: POST https://api.telegram.org/bot7953046471:AAFi4pFiEm-_tVu30Ci81Pb3THkAdmYtKFY/getUpdates "HTTP/1.1 200 OK"
2025-06-21 12:28:36,538 - httpx - INFO - HTTP Request: POST https://api.telegram.org/bot7953046471:AAFi4pFiEm-_tVu30Ci81Pb3THkAdmYtKFY/getUpdates "HTTP/1.1 200 OK"
2025-06-21 12:28:46,788 - httpx - INFO - HTTP Request: POST https://api.telegram.org/bot7953046471:AAFi4pFiEm-_tVu30Ci81Pb3THkAdmYtKFY/getUpdates "HTTP/1.1 200 OK"
2025-06-21 12:28:57,028 - httpx - INFO - HTTP Request: POST https://api.telegram.org/bot7953046471:AAFi4pFiEm-_tVu30Ci81Pb3THkAdmYtKFY/getUpdates "HTTP/1.1 200 OK"
2025-06-21 12:29:07,268 - httpx - INFO - HTTP Request: POST https://api.telegram.org/bot7953046471:AAFi4pFiEm-_tVu30Ci81Pb3THkAdmYtKFY/getUpdates "HTTP/1.1 200 OK"
2025-06-21 12:29:17,510 - httpx - INFO - HTTP Request: POST https://api.telegram.org/bot7953046471:AAFi4pFiEm-_tVu30Ci81Pb3THkAdmYtKFY/getUpdates "HTTP/1.1 200 OK"
2025-06-21 12:29:27,750 - httpx - INFO - HTTP Request: POST https://api.telegram.org/bot7953046471:AAFi4pFiEm-_tVu30Ci81Pb3THkAdmYtKFY/getUpdates "HTTP/1.1 200 OK"
2025-06-21 12:29:38,018 - httpx - INFO - HTTP Request: POST https://api.telegram.org/bot7953046471:AAFi4pFiEm-_tVu30Ci81Pb3THkAdmYtKFY/getUpdates "HTTP/1.1 200 OK"
2025-06-21 12:29:48,336 - httpx - INFO - HTTP Request: POST https://api.telegram.org/bot7953046471:AAFi4pFiEm-_tVu30Ci81Pb3THkAdmYtKFY/getUpdates "HTTP/1.1 200 OK"
2025-06-21 12:29:58,577 - httpx - INFO - HTTP Request: POST https://api.telegram.org/bot7953046471:AAFi4pFiEm-_tVu30Ci81Pb3THkAdmYtKFY/getUpdates "HTTP/1.1 200 OK"
2025-06-21 12:30:08,813 - httpx - INFO - HTTP Request: POST https://api.telegram.org/bot7953046471:AAFi4pFiEm-_tVu30Ci81Pb3THkAdmYtKFY/getUpdates "HTTP/1.1 200 OK"
2025-06-21 12:30:19,053 - httpx - INFO - HTTP Request: POST https://api.telegram.org/bot7953046471:AAFi4pFiEm-_tVu30Ci81Pb3THkAdmYtKFY/getUpdates "HTTP/1.1 200 OK"
2025-06-21 12:30:29,396 - httpx - INFO - HTTP Request: POST https://api.telegram.org/bot7953046471:AAFi4pFiEm-_tVu30Ci81Pb3THkAdmYtKFY/getUpdates "HTTP/1.1 200 OK"
2025-06-21 12:30:39,625 - httpx - INFO - HTTP Request: POST https://api.telegram.org/bot7953046471:AAFi4pFiEm-_tVu30Ci81Pb3THkAdmYtKFY/getUpdates "HTTP/1.1 200 OK"
2025-06-21 12:30:49,879 - httpx - INFO - HTTP Request: POST https://api.telegram.org/bot7953046471:AAFi4pFiEm-_tVu30Ci81Pb3THkAdmYtKFY/getUpdates "HTTP/1.1 200 OK"
2025-06-21 12:31:00,110 - httpx - INFO - HTTP Request: POST https://api.telegram.org/bot7953046471:AAFi4pFiEm-_tVu30Ci81Pb3THkAdmYtKFY/getUpdates "HTTP/1.1 200 OK"
2025-06-21 12:31:10,339 - httpx - INFO - HTTP Request: POST https://api.telegram.org/bot7953046471:AAFi4pFiEm-_tVu30Ci81Pb3THkAdmYtKFY/getUpdates "HTTP/1.1 200 OK"
2025-06-21 12:31:20,564 - httpx - INFO - HTTP Request: POST https://api.telegram.org/bot7953046471:AAFi4pFiEm-_tVu30Ci81Pb3THkAdmYtKFY/getUpdates "HTTP/1.1 200 OK"
2025-06-21 12:31:30,841 - httpx - INFO - HTTP Request: POST https://api.telegram.org/bot7953046471:AAFi4pFiEm-_tVu30Ci81Pb3THkAdmYtKFY/getUpdates "HTTP/1.1 200 OK"
2025-06-21 12:31:41,077 - httpx - INFO - HTTP Request: POST https://api.telegram.org/bot7953046471:AAFi4pFiEm-_tVu30Ci81Pb3THkAdmYtKFY/getUpdates "HTTP/1.1 200 OK"
2025-06-21 12:31:51,321 - httpx - INFO - HTTP Request: POST https://api.telegram.org/bot7953046471:AAFi4pFiEm-_tVu30Ci81Pb3THkAdmYtKFY/getUpdates "HTTP/1.1 200 OK"
2025-06-21 12:32:01,662 - httpx - INFO - HTTP Request: POST https://api.telegram.org/bot7953046471:AAFi4pFiEm-_tVu30Ci81Pb3THkAdmYtKFY/getUpdates "HTTP/1.1 200 OK"
2025-06-21 12:32:11,913 - httpx - INFO - HTTP Request: POST https://api.telegram.org/bot7953046471:AAFi4pFiEm-_tVu30Ci81Pb3THkAdmYtKFY/getUpdates "HTTP/1.1 200 OK"
2025-06-21 12:32:22,130 - httpx - INFO - HTTP Request: POST https://api.telegram.org/bot7953046471:AAFi4pFiEm-_tVu30Ci81Pb3THkAdmYtKFY/getUpdates "HTTP/1.1 200 OK"
2025-06-21 12:32:32,359 - httpx - INFO - HTTP Request: POST https://api.telegram.org/bot7953046471:AAFi4pFiEm-_tVu30Ci81Pb3THkAdmYtKFY/getUpdates "HTTP/1.1 200 OK"
2025-06-21 12:32:42,576 - httpx - INFO - HTTP Request: POST https://api.telegram.org/bot7953046471:AAFi4pFiEm-_tVu30Ci81Pb3THkAdmYtKFY/getUpdates "HTTP/1.1 200 OK"
2025-06-21 12:32:52,795 - httpx - INFO - HTTP Request: POST https://api.telegram.org/bot7953046471:AAFi4pFiEm-_tVu30Ci81Pb3THkAdmYtKFY/getUpdates "HTTP/1.1 200 OK"
2025-06-21 12:33:03,027 - httpx - INFO - HTTP Request: POST https://api.telegram.org/bot7953046471:AAFi4pFiEm-_tVu30Ci81Pb3THkAdmYtKFY/getUpdates "HTTP/1.1 200 OK"
2025-06-21 12:33:13,247 - httpx - INFO - HTTP Request: POST https://api.telegram.org/bot7953046471:AAFi4pFiEm-_tVu30Ci81Pb3THkAdmYtKFY/getUpdates "HTTP/1.1 200 OK"
2025-06-21 12:33:23,478 - httpx - INFO - HTTP Request: POST https://api.telegram.org/bot7953046471:AAFi4pFiEm-_tVu30Ci81Pb3THkAdmYtKFY/getUpdates "HTTP/1.1 200 OK"
2025-06-21 12:33:33,707 - httpx - INFO - HTTP Request: POST https://api.telegram.org/bot7953046471:AAFi4pFiEm-_tVu30Ci81Pb3THkAdmYtKFY/getUpdates "HTTP/1.1 200 OK"
2025-06-21 12:33:43,927 - httpx - INFO - HTTP Request: POST https://api.telegram.org/bot7953046471:AAFi4pFiEm-_tVu30Ci81Pb3THkAdmYtKFY/getUpdates "HTTP/1.1 200 OK"
2025-06-21 12:33:54,161 - httpx - INFO - HTTP Request: POST https://api.telegram.org/bot7953046471:AAFi4pFiEm-_tVu30Ci81Pb3THkAdmYtKFY/getUpdates "HTTP/1.1 200 OK"
2025-06-21 12:34:04,414 - httpx - INFO - HTTP Request: POST https://api.telegram.org/bot7953046471:AAFi4pFiEm-_tVu30Ci81Pb3THkAdmYtKFY/getUpdates "HTTP/1.1 200 OK"
2025-06-21 12:34:14,637 - httpx - INFO - HTTP Request: POST https://api.telegram.org/bot7953046471:AAFi4pFiEm-_tVu30Ci81Pb3THkAdmYtKFY/getUpdates "HTTP/1.1 200 OK"
2025-06-21 12:34:24,921 - httpx - INFO - HTTP Request: POST https://api.telegram.org/bot7953046471:AAFi4pFiEm-_tVu30Ci81Pb3THkAdmYtKFY/getUpdates "HTTP/1.1 200 OK"
2025-06-21 12:34:35,152 - httpx - INFO - HTTP Request: POST https://api.telegram.org/bot7953046471:AAFi4pFiEm-_tVu30Ci81Pb3THkAdmYtKFY/getUpdates "HTTP/1.1 200 OK"
2025-06-21 12:34:45,401 - httpx - INFO - HTTP Request: POST https://api.telegram.org/bot7953046471:AAFi4pFiEm-_tVu30Ci81Pb3THkAdmYtKFY/getUpdates "HTTP/1.1 200 OK"
2025-06-21 12:34:55,623 - httpx - INFO - HTTP Request: POST https://api.telegram.org/bot7953046471:AAFi4pFiEm-_tVu30Ci81Pb3THkAdmYtKFY/getUpdates "HTTP/1.1 200 OK"
2025-06-21 12:35:05,843 - httpx - INFO - HTTP Request: POST https://api.telegram.org/bot7953046471:AAFi4pFiEm-_tVu30Ci81Pb3THkAdmYtKFY/getUpdates "HTTP/1.1 200 OK"
2025-06-21 12:35:16,122 - httpx - INFO - HTTP Request: POST https://api.telegram.org/bot7953046471:AAFi4pFiEm-_tVu30Ci81Pb3THkAdmYtKFY/getUpdates "HTTP/1.1 200 OK"
2025-06-21 12:35:26,363 - httpx - INFO - HTTP Request: POST https://api.telegram.org/bot7953046471:AAFi4pFiEm-_tVu30Ci81Pb3THkAdmYtKFY/getUpdates "HTTP/1.1 200 OK"
2025-06-21 12:35:36,602 - httpx - INFO - HTTP Request: POST https://api.telegram.org/bot7953046471:AAFi4pFiEm-_tVu30Ci81Pb3THkAdmYtKFY/getUpdates "HTTP/1.1 200 OK"
2025-06-21 12:35:46,842 - httpx - INFO - HTTP Request: POST https://api.telegram.org/bot7953046471:AAFi4pFiEm-_tVu30Ci81Pb3THkAdmYtKFY/getUpdates "HTTP/1.1 200 OK"
2025-06-21 12:35:57,085 - httpx - INFO - HTTP Request: POST https://api.telegram.org/bot7953046471:AAFi4pFiEm-_tVu30Ci81Pb3THkAdmYtKFY/getUpdates "HTTP/1.1 200 OK"
2025-06-21 12:36:07,322 - httpx - INFO - HTTP Request: POST https://api.telegram.org/bot7953046471:AAFi4pFiEm-_tVu30Ci81Pb3THkAdmYtKFY/getUpdates "HTTP/1.1 200 OK"
2025-06-21 12:36:17,568 - httpx - INFO - HTTP Request: POST https://api.telegram.org/bot7953046471:AAFi4pFiEm-_tVu30Ci81Pb3THkAdmYtKFY/getUpdates "HTTP/1.1 200 OK"
2025-06-21 12:36:27,804 - httpx - INFO - HTTP Request: POST https://api.telegram.org/bot7953046471:AAFi4pFiEm-_tVu30Ci81Pb3THkAdmYtKFY/getUpdates "HTTP/1.1 200 OK"
2025-06-21 12:36:38,046 - httpx - INFO - HTTP Request: POST https://api.telegram.org/bot7953046471:AAFi4pFiEm-_tVu30Ci81Pb3THkAdmYtKFY/getUpdates "HTTP/1.1 200 OK"
2025-06-21 12:36:48,284 - httpx - INFO - HTTP Request: POST https://api.telegram.org/bot7953046471:AAFi4pFiEm-_tVu30Ci81Pb3THkAdmYtKFY/getUpdates "HTTP/1.1 200 OK"
2025-06-21 12:36:58,523 - httpx - INFO - HTTP Request: POST https://api.telegram.org/bot7953046471:AAFi4pFiEm-_tVu30Ci81Pb3THkAdmYtKFY/getUpdates "HTTP/1.1 200 OK"
2025-06-21 12:37:08,765 - httpx - INFO - HTTP Request: POST https://api.telegram.org/bot7953046471:AAFi4pFiEm-_tVu30Ci81Pb3THkAdmYtKFY/getUpdates "HTTP/1.1 200 OK"
2025-06-21 12:37:19,009 - httpx - INFO - HTTP Request: POST https://api.telegram.org/bot7953046471:AAFi4pFiEm-_tVu30Ci81Pb3THkAdmYtKFY/getUpdates "HTTP/1.1 200 OK"
2025-06-21 12:37:29,244 - httpx - INFO - HTTP Request: POST https://api.telegram.org/bot7953046471:AAFi4pFiEm-_tVu30Ci81Pb3THkAdmYtKFY/getUpdates "HTTP/1.1 200 OK"
2025-06-21 12:37:39,487 - httpx - INFO - HTTP Request: POST https://api.telegram.org/bot7953046471:AAFi4pFiEm-_tVu30Ci81Pb3THkAdmYtKFY/getUpdates "HTTP/1.1 200 OK"
2025-06-21 12:37:49,724 - httpx - INFO - HTTP Request: POST https://api.telegram.org/bot7953046471:AAFi4pFiEm-_tVu30Ci81Pb3THkAdmYtKFY/getUpdates "HTTP/1.1 200 OK"
2025-06-21 12:37:59,964 - httpx - INFO - HTTP Request: POST https://api.telegram.org/bot7953046471:AAFi4pFiEm-_tVu30Ci81Pb3THkAdmYtKFY/getUpdates "HTTP/1.1 200 OK"
2025-06-21 12:38:10,205 - httpx - INFO - HTTP Request: POST https://api.telegram.org/bot7953046471:AAFi4pFiEm-_tVu30Ci81Pb3THkAdmYtKFY/getUpdates "HTTP/1.1 200 OK"
2025-06-21 12:38:20,449 - httpx - INFO - HTTP Request: POST https://api.telegram.org/bot7953046471:AAFi4pFiEm-_tVu30Ci81Pb3THkAdmYtKFY/getUpdates "HTTP/1.1 200 OK"
2025-06-21 12:38:30,685 - httpx - INFO - HTTP Request: POST https://api.telegram.org/bot7953046471:AAFi4pFiEm-_tVu30Ci81Pb3THkAdmYtKFY/getUpdates "HTTP/1.1 200 OK"
2025-06-21 12:38:40,925 - httpx - INFO - HTTP Request: POST https://api.telegram.org/bot7953046471:AAFi4pFiEm-_tVu30Ci81Pb3THkAdmYtKFY/getUpdates "HTTP/1.1 200 OK"
2025-06-21 12:38:45,585 - telegram.ext.Application - INFO - Application is stopping. This might take a moment.
2025-06-21 12:38:45,586 - telegram.ext.Application - INFO - Application.stop() complete
2025-06-21 12:38:58,417 - __main__ - INFO - Medical Communication Bot Initialized
2025-06-21 12:38:58,418 - __main__ - INFO - Starting Medical Communication Bot...
2025-06-21 12:38:59,464 - httpx - INFO - HTTP Request: POST https://api.telegram.org/bot7953046471:AAFi4pFiEm-_tVu30Ci81Pb3THkAdmYtKFY/getMe "HTTP/1.1 200 OK"
2025-06-21 12:38:59,773 - httpx - INFO - HTTP Request: POST https://api.telegram.org/bot7953046471:AAFi4pFiEm-_tVu30Ci81Pb3THkAdmYtKFY/deleteWebhook "HTTP/1.1 200 OK"
2025-06-21 12:38:59,775 - telegram.ext.Application - INFO - Application started
2025-06-21 12:39:04,888 - httpx - INFO - HTTP Request: POST https://api.telegram.org/bot7953046471:AAFi4pFiEm-_tVu30Ci81Pb3THkAdmYtKFY/getUpdates "HTTP/1.1 200 OK"
2025-06-21 12:39:05,643 - httpx - INFO - HTTP Request: POST https://api.telegram.org/bot7953046471:AAFi4pFiEm-_tVu30Ci81Pb3THkAdmYtKFY/sendMessage "HTTP/1.1 200 OK"
2025-06-21 12:39:10,316 - httpx - INFO - HTTP Request: POST https://api.telegram.org/bot7953046471:AAFi4pFiEm-_tVu30Ci81Pb3THkAdmYtKFY/getUpdates "HTTP/1.1 200 OK"
2025-06-21 12:39:10,631 - httpx - INFO - HTTP Request: POST https://api.telegram.org/bot7953046471:AAFi4pFiEm-_tVu30Ci81Pb3THkAdmYtKFY/answerCallbackQuery "HTTP/1.1 200 OK"
2025-06-21 12:39:11,036 - httpx - INFO - HTTP Request: POST https://api.telegram.org/bot7953046471:AAFi4pFiEm-_tVu30Ci81Pb3THkAdmYtKFY/editMessageText "HTTP/1.1 200 OK"
2025-06-21 12:39:12,467 - httpx - INFO - HTTP Request: POST https://api.telegram.org/bot7953046471:AAFi4pFiEm-_tVu30Ci81Pb3THkAdmYtKFY/getUpdates "HTTP/1.1 200 OK"
2025-06-21 12:39:12,779 - httpx - INFO - HTTP Request: POST https://api.telegram.org/bot7953046471:AAFi4pFiEm-_tVu30Ci81Pb3THkAdmYtKFY/answerCallbackQuery "HTTP/1.1 200 OK"
2025-06-21 12:39:13,187 - httpx - INFO - HTTP Request: POST https://api.telegram.org/bot7953046471:AAFi4pFiEm-_tVu30Ci81Pb3THkAdmYtKFY/editMessageText "HTTP/1.1 200 OK"
2025-06-21 12:39:17,178 - httpx - INFO - HTTP Request: POST https://api.telegram.org/bot7953046471:AAFi4pFiEm-_tVu30Ci81Pb3THkAdmYtKFY/getUpdates "HTTP/1.1 200 OK"
2025-06-21 12:39:17,208 - __main__ - ERROR - Error in patient identification: get() returned more than one Patient -- it returned 2!
2025-06-21 12:39:17,587 - httpx - INFO - HTTP Request: POST https://api.telegram.org/bot7953046471:AAFi4pFiEm-_tVu30Ci81Pb3THkAdmYtKFY/sendMessage "HTTP/1.1 200 OK"
2025-06-21 12:39:27,417 - httpx - INFO - HTTP Request: POST https://api.telegram.org/bot7953046471:AAFi4pFiEm-_tVu30Ci81Pb3THkAdmYtKFY/getUpdates "HTTP/1.1 200 OK"
2025-06-21 12:39:30,186 - httpx - INFO - HTTP Request: POST https://api.telegram.org/bot7953046471:AAFi4pFiEm-_tVu30Ci81Pb3THkAdmYtKFY/getUpdates "HTTP/1.1 200 OK"
2025-06-21 12:39:31,002 - httpx - INFO - HTTP Request: POST https://api.telegram.org/bot7953046471:AAFi4pFiEm-_tVu30Ci81Pb3THkAdmYtKFY/sendMessage "HTTP/1.1 200 OK"
2025-06-21 12:39:34,995 - httpx - INFO - HTTP Request: POST https://api.telegram.org/bot7953046471:AAFi4pFiEm-_tVu30Ci81Pb3THkAdmYtKFY/getUpdates "HTTP/1.1 200 OK"
2025-06-21 12:39:35,310 - httpx - INFO - HTTP Request: POST https://api.telegram.org/bot7953046471:AAFi4pFiEm-_tVu30Ci81Pb3THkAdmYtKFY/answerCallbackQuery "HTTP/1.1 200 OK"
2025-06-21 12:39:35,715 - httpx - INFO - HTTP Request: POST https://api.telegram.org/bot7953046471:AAFi4pFiEm-_tVu30Ci81Pb3THkAdmYtKFY/editMessageText "HTTP/1.1 200 OK"
2025-06-21 12:39:37,144 - httpx - INFO - HTTP Request: POST https://api.telegram.org/bot7953046471:AAFi4pFiEm-_tVu30Ci81Pb3THkAdmYtKFY/getUpdates "HTTP/1.1 200 OK"
2025-06-21 12:39:37,458 - httpx - INFO - HTTP Request: POST https://api.telegram.org/bot7953046471:AAFi4pFiEm-_tVu30Ci81Pb3THkAdmYtKFY/answerCallbackQuery "HTTP/1.1 200 OK"
2025-06-21 12:39:37,862 - httpx - INFO - HTTP Request: POST https://api.telegram.org/bot7953046471:AAFi4pFiEm-_tVu30Ci81Pb3THkAdmYtKFY/editMessageText "HTTP/1.1 200 OK"
2025-06-21 12:39:39,947 - httpx - INFO - HTTP Request: POST https://api.telegram.org/bot7953046471:AAFi4pFiEm-_tVu30Ci81Pb3THkAdmYtKFY/getUpdates "HTTP/1.1 200 OK"
2025-06-21 12:39:44,419 - __main__ - INFO - Email sent successfully to chouhann.mayankk@gmail.com
2025-06-21 12:39:44,420 - __main__ - INFO - OTP sent successfully to chouhann.mayankk@gmail.com
2025-06-21 12:39:45,337 - httpx - INFO - HTTP Request: POST https://api.telegram.org/bot7953046471:AAFi4pFiEm-_tVu30Ci81Pb3THkAdmYtKFY/sendMessage "HTTP/1.1 200 OK"
2025-06-21 12:39:50,253 - httpx - INFO - HTTP Request: POST https://api.telegram.org/bot7953046471:AAFi4pFiEm-_tVu30Ci81Pb3THkAdmYtKFY/getUpdates "HTTP/1.1 200 OK"
2025-06-21 12:40:00,491 - httpx - INFO - HTTP Request: POST https://api.telegram.org/bot7953046471:AAFi4pFiEm-_tVu30Ci81Pb3THkAdmYtKFY/getUpdates "HTTP/1.1 200 OK"
2025-06-21 12:40:10,734 - httpx - INFO - HTTP Request: POST https://api.telegram.org/bot7953046471:AAFi4pFiEm-_tVu30Ci81Pb3THkAdmYtKFY/getUpdates "HTTP/1.1 200 OK"
2025-06-21 12:40:11,347 - httpx - INFO - HTTP Request: POST https://api.telegram.org/bot7953046471:AAFi4pFiEm-_tVu30Ci81Pb3THkAdmYtKFY/getUpdates "HTTP/1.1 200 OK"
2025-06-21 12:40:12,167 - httpx - INFO - HTTP Request: POST https://api.telegram.org/bot7953046471:AAFi4pFiEm-_tVu30Ci81Pb3THkAdmYtKFY/sendMessage "HTTP/1.1 200 OK"
2025-06-21 12:40:18,925 - httpx - INFO - HTTP Request: POST https://api.telegram.org/bot7953046471:AAFi4pFiEm-_tVu30Ci81Pb3THkAdmYtKFY/getUpdates "HTTP/1.1 200 OK"
2025-06-21 12:40:23,360 - __main__ - INFO - Email sent successfully to chouhann.mayankk@gmail.com
2025-06-21 12:40:23,361 - __main__ - INFO - OTP sent successfully to chouhann.mayankk@gmail.com
2025-06-21 12:40:24,146 - httpx - INFO - HTTP Request: POST https://api.telegram.org/bot7953046471:AAFi4pFiEm-_tVu30Ci81Pb3THkAdmYtKFY/sendMessage "HTTP/1.1 200 OK"
2025-06-21 12:40:29,168 - httpx - INFO - HTTP Request: POST https://api.telegram.org/bot7953046471:AAFi4pFiEm-_tVu30Ci81Pb3THkAdmYtKFY/getUpdates "HTTP/1.1 200 OK"
2025-06-21 12:40:39,397 - httpx - INFO - HTTP Request: POST https://api.telegram.org/bot7953046471:AAFi4pFiEm-_tVu30Ci81Pb3THkAdmYtKFY/getUpdates "HTTP/1.1 200 OK"
2025-06-21 12:40:49,646 - httpx - INFO - HTTP Request: POST https://api.telegram.org/bot7953046471:AAFi4pFiEm-_tVu30Ci81Pb3THkAdmYtKFY/getUpdates "HTTP/1.1 200 OK"
2025-06-21 12:40:59,872 - httpx - INFO - HTTP Request: POST https://api.telegram.org/bot7953046471:AAFi4pFiEm-_tVu30Ci81Pb3THkAdmYtKFY/getUpdates "HTTP/1.1 200 OK"
2025-06-21 12:41:10,126 - httpx - INFO - HTTP Request: POST https://api.telegram.org/bot7953046471:AAFi4pFiEm-_tVu30Ci81Pb3THkAdmYtKFY/getUpdates "HTTP/1.1 200 OK"
2025-06-21 12:41:20,384 - httpx - INFO - HTTP Request: POST https://api.telegram.org/bot7953046471:AAFi4pFiEm-_tVu30Ci81Pb3THkAdmYtKFY/getUpdates "HTTP/1.1 200 OK"
2025-06-21 12:41:30,613 - httpx - INFO - HTTP Request: POST https://api.telegram.org/bot7953046471:AAFi4pFiEm-_tVu30Ci81Pb3THkAdmYtKFY/getUpdates "HTTP/1.1 200 OK"
2025-06-21 12:41:40,877 - httpx - INFO - HTTP Request: POST https://api.telegram.org/bot7953046471:AAFi4pFiEm-_tVu30Ci81Pb3THkAdmYtKFY/getUpdates "HTTP/1.1 200 OK"
2025-06-21 12:41:51,191 - httpx - INFO - HTTP Request: POST https://api.telegram.org/bot7953046471:AAFi4pFiEm-_tVu30Ci81Pb3THkAdmYtKFY/getUpdates "HTTP/1.1 200 OK"
2025-06-21 12:42:01,429 - httpx - INFO - HTTP Request: POST https://api.telegram.org/bot7953046471:AAFi4pFiEm-_tVu30Ci81Pb3THkAdmYtKFY/getUpdates "HTTP/1.1 200 OK"
2025-06-21 12:42:13,309 - httpx - INFO - HTTP Request: POST https://api.telegram.org/bot7953046471:AAFi4pFiEm-_tVu30Ci81Pb3THkAdmYtKFY/getUpdates "HTTP/1.1 200 OK"
2025-06-21 12:42:36,087 - httpx - INFO - HTTP Request: POST https://api.telegram.org/bot7953046471:AAFi4pFiEm-_tVu30Ci81Pb3THkAdmYtKFY/getUpdates "HTTP/1.1 200 OK"
2025-06-21 12:42:46,307 - httpx - INFO - HTTP Request: POST https://api.telegram.org/bot7953046471:AAFi4pFiEm-_tVu30Ci81Pb3THkAdmYtKFY/getUpdates "HTTP/1.1 200 OK"
2025-06-21 12:42:56,533 - httpx - INFO - HTTP Request: POST https://api.telegram.org/bot7953046471:AAFi4pFiEm-_tVu30Ci81Pb3THkAdmYtKFY/getUpdates "HTTP/1.1 200 OK"
2025-06-21 12:43:06,761 - httpx - INFO - HTTP Request: POST https://api.telegram.org/bot7953046471:AAFi4pFiEm-_tVu30Ci81Pb3THkAdmYtKFY/getUpdates "HTTP/1.1 200 OK"
2025-06-21 12:43:17,002 - httpx - INFO - HTTP Request: POST https://api.telegram.org/bot7953046471:AAFi4pFiEm-_tVu30Ci81Pb3THkAdmYtKFY/getUpdates "HTTP/1.1 200 OK"
2025-06-21 12:43:27,223 - httpx - INFO - HTTP Request: POST https://api.telegram.org/bot7953046471:AAFi4pFiEm-_tVu30Ci81Pb3THkAdmYtKFY/getUpdates "HTTP/1.1 200 OK"
2025-06-21 12:43:37,481 - httpx - INFO - HTTP Request: POST https://api.telegram.org/bot7953046471:AAFi4pFiEm-_tVu30Ci81Pb3THkAdmYtKFY/getUpdates "HTTP/1.1 200 OK"
2025-06-21 12:43:47,723 - httpx - INFO - HTTP Request: POST https://api.telegram.org/bot7953046471:AAFi4pFiEm-_tVu30Ci81Pb3THkAdmYtKFY/getUpdates "HTTP/1.1 200 OK"
2025-06-21 12:43:53,668 - telegram.ext.Application - INFO - Application is stopping. This might take a moment.
2025-06-21 12:43:53,669 - telegram.ext.Application - INFO - Application.stop() complete
2025-06-21 12:44:03,225 - __main__ - INFO - Medical Communication Bot Initialized
2025-06-21 12:44:03,225 - __main__ - INFO - Starting Medical Communication Bot...
2025-06-21 12:44:04,211 - httpx - INFO - HTTP Request: POST https://api.telegram.org/bot7953046471:AAFi4pFiEm-_tVu30Ci81Pb3THkAdmYtKFY/getMe "HTTP/1.1 200 OK"
2025-06-21 12:44:04,518 - httpx - INFO - HTTP Request: POST https://api.telegram.org/bot7953046471:AAFi4pFiEm-_tVu30Ci81Pb3THkAdmYtKFY/deleteWebhook "HTTP/1.1 200 OK"
2025-06-21 12:44:04,523 - telegram.ext.Application - INFO - Application started
2025-06-21 12:44:10,412 - httpx - INFO - HTTP Request: POST https://api.telegram.org/bot7953046471:AAFi4pFiEm-_tVu30Ci81Pb3THkAdmYtKFY/getUpdates "HTTP/1.1 200 OK"
2025-06-21 12:44:11,378 - httpx - INFO - HTTP Request: POST https://api.telegram.org/bot7953046471:AAFi4pFiEm-_tVu30Ci81Pb3THkAdmYtKFY/sendMessage "HTTP/1.1 200 OK"
2025-06-21 12:44:13,838 - httpx - INFO - HTTP Request: POST https://api.telegram.org/bot7953046471:AAFi4pFiEm-_tVu30Ci81Pb3THkAdmYtKFY/getUpdates "HTTP/1.1 200 OK"
2025-06-21 12:44:14,277 - httpx - INFO - HTTP Request: POST https://api.telegram.org/bot7953046471:AAFi4pFiEm-_tVu30Ci81Pb3THkAdmYtKFY/answerCallbackQuery "HTTP/1.1 200 OK"
2025-06-21 12:44:19,479 - httpx - INFO - HTTP Request: POST https://api.telegram.org/bot7953046471:AAFi4pFiEm-_tVu30Ci81Pb3THkAdmYtKFY/getUpdates "HTTP/1.1 200 OK"
2025-06-21 12:44:20,388 - httpx - INFO - HTTP Request: POST https://api.telegram.org/bot7953046471:AAFi4pFiEm-_tVu30Ci81Pb3THkAdmYtKFY/answerCallbackQuery "HTTP/1.1 200 OK"
2025-06-21 12:44:23,258 - httpx - INFO - HTTP Request: POST https://api.telegram.org/bot7953046471:AAFi4pFiEm-_tVu30Ci81Pb3THkAdmYtKFY/getUpdates "HTTP/1.1 200 OK"
2025-06-21 12:44:23,667 - httpx - INFO - HTTP Request: POST https://api.telegram.org/bot7953046471:AAFi4pFiEm-_tVu30Ci81Pb3THkAdmYtKFY/answerCallbackQuery "HTTP/1.1 200 OK"
2025-06-21 12:44:24,179 - httpx - INFO - HTTP Request: POST https://api.telegram.org/bot7953046471:AAFi4pFiEm-_tVu30Ci81Pb3THkAdmYtKFY/editMessageText "HTTP/1.1 200 OK"
2025-06-21 12:44:25,510 - httpx - INFO - HTTP Request: POST https://api.telegram.org/bot7953046471:AAFi4pFiEm-_tVu30Ci81Pb3THkAdmYtKFY/getUpdates "HTTP/1.1 200 OK"
2025-06-21 12:44:25,923 - httpx - INFO - HTTP Request: POST https://api.telegram.org/bot7953046471:AAFi4pFiEm-_tVu30Ci81Pb3THkAdmYtKFY/answerCallbackQuery "HTTP/1.1 200 OK"
2025-06-21 12:44:26,328 - httpx - INFO - HTTP Request: POST https://api.telegram.org/bot7953046471:AAFi4pFiEm-_tVu30Ci81Pb3THkAdmYtKFY/editMessageText "HTTP/1.1 200 OK"
2025-06-21 12:44:31,662 - httpx - INFO - HTTP Request: POST https://api.telegram.org/bot7953046471:AAFi4pFiEm-_tVu30Ci81Pb3THkAdmYtKFY/getUpdates "HTTP/1.1 200 OK"
2025-06-21 12:44:31,717 - __main__ - ERROR - Error in patient identification: get() returned more than one Patient -- it returned 2!
2025-06-21 12:44:32,474 - httpx - INFO - HTTP Request: POST https://api.telegram.org/bot7953046471:AAFi4pFiEm-_tVu30Ci81Pb3THkAdmYtKFY/sendMessage "HTTP/1.1 200 OK"
2025-06-21 12:44:41,998 - httpx - INFO - HTTP Request: POST https://api.telegram.org/bot7953046471:AAFi4pFiEm-_tVu30Ci81Pb3THkAdmYtKFY/getUpdates "HTTP/1.1 200 OK"
2025-06-21 12:44:52,239 - httpx - INFO - HTTP Request: POST https://api.telegram.org/bot7953046471:AAFi4pFiEm-_tVu30Ci81Pb3THkAdmYtKFY/getUpdates "HTTP/1.1 200 OK"
2025-06-21 12:45:02,477 - httpx - INFO - HTTP Request: POST https://api.telegram.org/bot7953046471:AAFi4pFiEm-_tVu30Ci81Pb3THkAdmYtKFY/getUpdates "HTTP/1.1 200 OK"
2025-06-21 12:45:12,719 - httpx - INFO - HTTP Request: POST https://api.telegram.org/bot7953046471:AAFi4pFiEm-_tVu30Ci81Pb3THkAdmYtKFY/getUpdates "HTTP/1.1 200 OK"
2025-06-21 12:45:22,957 - httpx - INFO - HTTP Request: POST https://api.telegram.org/bot7953046471:AAFi4pFiEm-_tVu30Ci81Pb3THkAdmYtKFY/getUpdates "HTTP/1.1 200 OK"
2025-06-21 12:45:33,197 - httpx - INFO - HTTP Request: POST https://api.telegram.org/bot7953046471:AAFi4pFiEm-_tVu30Ci81Pb3THkAdmYtKFY/getUpdates "HTTP/1.1 200 OK"
2025-06-21 12:45:43,438 - httpx - INFO - HTTP Request: POST https://api.telegram.org/bot7953046471:AAFi4pFiEm-_tVu30Ci81Pb3THkAdmYtKFY/getUpdates "HTTP/1.1 200 OK"
2025-06-21 12:45:53,683 - httpx - INFO - HTTP Request: POST https://api.telegram.org/bot7953046471:AAFi4pFiEm-_tVu30Ci81Pb3THkAdmYtKFY/getUpdates "HTTP/1.1 200 OK"
2025-06-21 12:46:04,027 - httpx - INFO - HTTP Request: POST https://api.telegram.org/bot7953046471:AAFi4pFiEm-_tVu30Ci81Pb3THkAdmYtKFY/getUpdates "HTTP/1.1 200 OK"
2025-06-21 12:46:14,229 - httpx - INFO - HTTP Request: POST https://api.telegram.org/bot7953046471:AAFi4pFiEm-_tVu30Ci81Pb3THkAdmYtKFY/getUpdates "HTTP/1.1 200 OK"
2025-06-21 12:46:24,383 - httpx - INFO - HTTP Request: POST https://api.telegram.org/bot7953046471:AAFi4pFiEm-_tVu30Ci81Pb3THkAdmYtKFY/getUpdates "HTTP/1.1 200 OK"
2025-06-21 12:46:34,987 - httpx - INFO - HTTP Request: POST https://api.telegram.org/bot7953046471:AAFi4pFiEm-_tVu30Ci81Pb3THkAdmYtKFY/getUpdates "HTTP/1.1 200 OK"
2025-06-21 12:46:45,188 - httpx - INFO - HTTP Request: POST https://api.telegram.org/bot7953046471:AAFi4pFiEm-_tVu30Ci81Pb3THkAdmYtKFY/getUpdates "HTTP/1.1 200 OK"
2025-06-21 12:46:55,356 - httpx - INFO - HTTP Request: POST https://api.telegram.org/bot7953046471:AAFi4pFiEm-_tVu30Ci81Pb3THkAdmYtKFY/getUpdates "HTTP/1.1 200 OK"
2025-06-21 12:47:05,559 - httpx - INFO - HTTP Request: POST https://api.telegram.org/bot7953046471:AAFi4pFiEm-_tVu30Ci81Pb3THkAdmYtKFY/getUpdates "HTTP/1.1 200 OK"
2025-06-21 12:47:16,141 - httpx - INFO - HTTP Request: POST https://api.telegram.org/bot7953046471:AAFi4pFiEm-_tVu30Ci81Pb3THkAdmYtKFY/getUpdates "HTTP/1.1 200 OK"
2025-06-21 12:47:26,298 - httpx - INFO - HTTP Request: POST https://api.telegram.org/bot7953046471:AAFi4pFiEm-_tVu30Ci81Pb3THkAdmYtKFY/getUpdates "HTTP/1.1 200 OK"
2025-06-21 12:47:36,502 - httpx - INFO - HTTP Request: POST https://api.telegram.org/bot7953046471:AAFi4pFiEm-_tVu30Ci81Pb3THkAdmYtKFY/getUpdates "HTTP/1.1 200 OK"
2025-06-21 12:47:46,662 - httpx - INFO - HTTP Request: POST https://api.telegram.org/bot7953046471:AAFi4pFiEm-_tVu30Ci81Pb3THkAdmYtKFY/getUpdates "HTTP/1.1 200 OK"
2025-06-21 12:47:56,817 - httpx - INFO - HTTP Request: POST https://api.telegram.org/bot7953046471:AAFi4pFiEm-_tVu30Ci81Pb3THkAdmYtKFY/getUpdates "HTTP/1.1 200 OK"
2025-06-21 12:48:07,004 - httpx - INFO - HTTP Request: POST https://api.telegram.org/bot7953046471:AAFi4pFiEm-_tVu30Ci81Pb3THkAdmYtKFY/getUpdates "HTTP/1.1 200 OK"
2025-06-21 12:48:17,247 - httpx - INFO - HTTP Request: POST https://api.telegram.org/bot7953046471:AAFi4pFiEm-_tVu30Ci81Pb3THkAdmYtKFY/getUpdates "HTTP/1.1 200 OK"
2025-06-21 12:48:24,922 - telegram.ext.Application - INFO - Application is stopping. This might take a moment.
2025-06-21 12:48:24,923 - telegram.ext.Application - INFO - Application.stop() complete
2025-06-21 12:48:39,111 - __main__ - INFO - Simple Medical Bot Initialized
2025-06-21 12:48:39,111 - __main__ - INFO - Starting Simple Medical Bot...
2025-06-21 12:48:39,877 - httpx - INFO - HTTP Request: POST https://api.telegram.org/bot7953046471:AAFi4pFiEm-_tVu30Ci81Pb3THkAdmYtKFY/getMe "HTTP/1.1 200 OK"
2025-06-21 12:48:40,080 - httpx - INFO - HTTP Request: POST https://api.telegram.org/bot7953046471:AAFi4pFiEm-_tVu30Ci81Pb3THkAdmYtKFY/deleteWebhook "HTTP/1.1 200 OK"
2025-06-21 12:48:40,083 - telegram.ext.Application - INFO - Application started
2025-06-21 12:48:50,630 - httpx - INFO - HTTP Request: POST https://api.telegram.org/bot7953046471:AAFi4pFiEm-_tVu30Ci81Pb3THkAdmYtKFY/getUpdates "HTTP/1.1 200 OK"
2025-06-21 12:48:55,648 - httpx - INFO - HTTP Request: POST https://api.telegram.org/bot7953046471:AAFi4pFiEm-_tVu30Ci81Pb3THkAdmYtKFY/getUpdates "HTTP/1.1 200 OK"
2025-06-21 12:48:56,466 - httpx - INFO - HTTP Request: POST https://api.telegram.org/bot7953046471:AAFi4pFiEm-_tVu30Ci81Pb3THkAdmYtKFY/sendMessage "HTTP/1.1 200 OK"
2025-06-21 12:49:02,507 - httpx - INFO - HTTP Request: POST https://api.telegram.org/bot7953046471:AAFi4pFiEm-_tVu30Ci81Pb3THkAdmYtKFY/getUpdates "HTTP/1.1 200 OK"
2025-06-21 12:49:03,327 - httpx - INFO - HTTP Request: POST https://api.telegram.org/bot7953046471:AAFi4pFiEm-_tVu30Ci81Pb3THkAdmYtKFY/answerCallbackQuery "HTTP/1.1 200 OK"
2025-06-21 12:49:04,252 - httpx - INFO - HTTP Request: POST https://api.telegram.org/bot7953046471:AAFi4pFiEm-_tVu30Ci81Pb3THkAdmYtKFY/editMessageText "HTTP/1.1 200 OK"
2025-06-21 12:49:08,249 - httpx - INFO - HTTP Request: POST https://api.telegram.org/bot7953046471:AAFi4pFiEm-_tVu30Ci81Pb3THkAdmYtKFY/getUpdates "HTTP/1.1 200 OK"
2025-06-21 12:49:08,280 - __main__ - ERROR - Error in email identification: get() returned more than one Patient -- it returned 2!
2025-06-21 12:49:08,613 - httpx - INFO - HTTP Request: POST https://api.telegram.org/bot7953046471:AAFi4pFiEm-_tVu30Ci81Pb3THkAdmYtKFY/sendMessage "HTTP/1.1 200 OK"
2025-06-21 12:49:18,481 - httpx - INFO - HTTP Request: POST https://api.telegram.org/bot7953046471:AAFi4pFiEm-_tVu30Ci81Pb3THkAdmYtKFY/getUpdates "HTTP/1.1 200 OK"
2025-06-21 12:49:28,637 - httpx - INFO - HTTP Request: POST https://api.telegram.org/bot7953046471:AAFi4pFiEm-_tVu30Ci81Pb3THkAdmYtKFY/getUpdates "HTTP/1.1 200 OK"
2025-06-21 12:49:38,862 - httpx - INFO - HTTP Request: POST https://api.telegram.org/bot7953046471:AAFi4pFiEm-_tVu30Ci81Pb3THkAdmYtKFY/getUpdates "HTTP/1.1 200 OK"
2025-06-21 12:49:49,019 - httpx - INFO - HTTP Request: POST https://api.telegram.org/bot7953046471:AAFi4pFiEm-_tVu30Ci81Pb3THkAdmYtKFY/getUpdates "HTTP/1.1 200 OK"
2025-06-21 12:49:59,339 - httpx - INFO - HTTP Request: POST https://api.telegram.org/bot7953046471:AAFi4pFiEm-_tVu30Ci81Pb3THkAdmYtKFY/getUpdates "HTTP/1.1 200 OK"
2025-06-21 12:50:09,499 - httpx - INFO - HTTP Request: POST https://api.telegram.org/bot7953046471:AAFi4pFiEm-_tVu30Ci81Pb3THkAdmYtKFY/getUpdates "HTTP/1.1 200 OK"
2025-06-21 12:50:19,648 - httpx - INFO - HTTP Request: POST https://api.telegram.org/bot7953046471:AAFi4pFiEm-_tVu30Ci81Pb3THkAdmYtKFY/getUpdates "HTTP/1.1 200 OK"
2025-06-21 12:50:29,854 - httpx - INFO - HTTP Request: POST https://api.telegram.org/bot7953046471:AAFi4pFiEm-_tVu30Ci81Pb3THkAdmYtKFY/getUpdates "HTTP/1.1 200 OK"
2025-06-21 12:50:40,010 - httpx - INFO - HTTP Request: POST https://api.telegram.org/bot7953046471:AAFi4pFiEm-_tVu30Ci81Pb3THkAdmYtKFY/getUpdates "HTTP/1.1 200 OK"
2025-06-21 12:50:43,614 - telegram.ext.Application - INFO - Application is stopping. This might take a moment.
2025-06-21 12:50:43,614 - telegram.ext.Application - INFO - Application.stop() complete
2025-06-21 12:50:56,986 - __main__ - INFO - Simple Medical Bot Initialized
2025-06-21 12:50:56,986 - __main__ - INFO - Starting Simple Medical Bot...
2025-06-21 12:50:57,714 - httpx - INFO - HTTP Request: POST https://api.telegram.org/bot7953046471:AAFi4pFiEm-_tVu30Ci81Pb3THkAdmYtKFY/getMe "HTTP/1.1 200 OK"
2025-06-21 12:50:57,915 - httpx - INFO - HTTP Request: POST https://api.telegram.org/bot7953046471:AAFi4pFiEm-_tVu30Ci81Pb3THkAdmYtKFY/deleteWebhook "HTTP/1.1 200 OK"
2025-06-21 12:50:57,919 - telegram.ext.Application - INFO - Application started
2025-06-21 12:51:01,295 - httpx - INFO - HTTP Request: POST https://api.telegram.org/bot7953046471:AAFi4pFiEm-_tVu30Ci81Pb3THkAdmYtKFY/getUpdates "HTTP/1.1 200 OK"
2025-06-21 12:51:01,704 - httpx - INFO - HTTP Request: POST https://api.telegram.org/bot7953046471:AAFi4pFiEm-_tVu30Ci81Pb3THkAdmYtKFY/sendMessage "HTTP/1.1 200 OK"
2025-06-21 12:51:03,342 - httpx - INFO - HTTP Request: POST https://api.telegram.org/bot7953046471:AAFi4pFiEm-_tVu30Ci81Pb3THkAdmYtKFY/getUpdates "HTTP/1.1 200 OK"
2025-06-21 12:51:03,752 - httpx - INFO - HTTP Request: POST https://api.telegram.org/bot7953046471:AAFi4pFiEm-_tVu30Ci81Pb3THkAdmYtKFY/answerCallbackQuery "HTTP/1.1 200 OK"
2025-06-21 12:51:04,163 - httpx - INFO - HTTP Request: POST https://api.telegram.org/bot7953046471:AAFi4pFiEm-_tVu30Ci81Pb3THkAdmYtKFY/editMessageText "HTTP/1.1 200 OK"
2025-06-21 12:51:08,363 - httpx - INFO - HTTP Request: POST https://api.telegram.org/bot7953046471:AAFi4pFiEm-_tVu30Ci81Pb3THkAdmYtKFY/getUpdates "HTTP/1.1 200 OK"
2025-06-21 12:51:08,871 - httpx - INFO - HTTP Request: POST https://api.telegram.org/bot7953046471:AAFi4pFiEm-_tVu30Ci81Pb3THkAdmYtKFY/sendMessage "HTTP/1.1 200 OK"
2025-06-21 12:51:12,974 - __main__ - INFO - Email sent successfully to chouhann.mayankk@gmail.com
2025-06-21 12:51:13,381 - httpx - INFO - HTTP Request: POST https://api.telegram.org/bot7953046471:AAFi4pFiEm-_tVu30Ci81Pb3THkAdmYtKFY/sendMessage "HTTP/1.1 200 OK"
2025-06-21 12:51:18,590 - httpx - INFO - HTTP Request: POST https://api.telegram.org/bot7953046471:AAFi4pFiEm-_tVu30Ci81Pb3THkAdmYtKFY/getUpdates "HTTP/1.1 200 OK"
2025-06-21 12:51:28,841 - httpx - INFO - HTTP Request: POST https://api.telegram.org/bot7953046471:AAFi4pFiEm-_tVu30Ci81Pb3THkAdmYtKFY/getUpdates "HTTP/1.1 200 OK"
2025-06-21 12:51:29,455 - httpx - INFO - HTTP Request: POST https://api.telegram.org/bot7953046471:AAFi4pFiEm-_tVu30Ci81Pb3THkAdmYtKFY/getUpdates "HTTP/1.1 200 OK"
2025-06-21 12:51:30,684 - httpx - INFO - HTTP Request: POST https://api.telegram.org/bot7953046471:AAFi4pFiEm-_tVu30Ci81Pb3THkAdmYtKFY/sendMessage "HTTP/1.1 200 OK"
2025-06-21 12:51:38,910 - httpx - INFO - HTTP Request: POST https://api.telegram.org/bot7953046471:AAFi4pFiEm-_tVu30Ci81Pb3THkAdmYtKFY/getUpdates "HTTP/1.1 200 OK"
2025-06-21 12:51:42,976 - __main__ - INFO - Email sent successfully to 2303051050426@paruluniversity.ac.in
2025-06-21 12:51:43,693 - httpx - INFO - HTTP Request: POST https://api.telegram.org/bot7953046471:AAFi4pFiEm-_tVu30Ci81Pb3THkAdmYtKFY/sendMessage "HTTP/1.1 200 OK"
2025-06-21 12:51:49,220 - httpx - INFO - HTTP Request: POST https://api.telegram.org/bot7953046471:AAFi4pFiEm-_tVu30Ci81Pb3THkAdmYtKFY/getUpdates "HTTP/1.1 200 OK"
2025-06-21 12:51:59,459 - httpx - INFO - HTTP Request: POST https://api.telegram.org/bot7953046471:AAFi4pFiEm-_tVu30Ci81Pb3THkAdmYtKFY/getUpdates "HTTP/1.1 200 OK"
2025-06-21 12:52:01,301 - httpx - INFO - HTTP Request: POST https://api.telegram.org/bot7953046471:AAFi4pFiEm-_tVu30Ci81Pb3THkAdmYtKFY/getUpdates "HTTP/1.1 200 OK"
2025-06-21 12:52:02,324 - httpx - INFO - HTTP Request: POST https://api.telegram.org/bot7953046471:AAFi4pFiEm-_tVu30Ci81Pb3THkAdmYtKFY/sendMessage "HTTP/1.1 200 OK"
2025-06-21 12:52:03,555 - httpx - INFO - HTTP Request: POST https://api.telegram.org/bot7953046471:AAFi4pFiEm-_tVu30Ci81Pb3THkAdmYtKFY/getUpdates "HTTP/1.1 200 OK"
2025-06-21 12:52:04,066 - httpx - INFO - HTTP Request: POST https://api.telegram.org/bot7953046471:AAFi4pFiEm-_tVu30Ci81Pb3THkAdmYtKFY/sendMessage "HTTP/1.1 200 OK"
2025-06-21 12:52:05,555 - httpx - INFO - HTTP Request: POST https://api.telegram.org/bot7953046471:AAFi4pFiEm-_tVu30Ci81Pb3THkAdmYtKFY/getUpdates "HTTP/1.1 200 OK"
2025-06-21 12:52:06,114 - httpx - INFO - HTTP Request: POST https://api.telegram.org/bot7953046471:AAFi4pFiEm-_tVu30Ci81Pb3THkAdmYtKFY/answerCallbackQuery "HTTP/1.1 200 OK"
2025-06-21 12:52:06,517 - httpx - INFO - HTTP Request: POST https://api.telegram.org/bot7953046471:AAFi4pFiEm-_tVu30Ci81Pb3THkAdmYtKFY/editMessageText "HTTP/1.1 200 OK"
2025-06-21 12:52:12,261 - httpx - INFO - HTTP Request: POST https://api.telegram.org/bot7953046471:AAFi4pFiEm-_tVu30Ci81Pb3THkAdmYtKFY/getUpdates "HTTP/1.1 200 OK"
2025-06-21 12:52:13,080 - httpx - INFO - HTTP Request: POST https://api.telegram.org/bot7953046471:AAFi4pFiEm-_tVu30Ci81Pb3THkAdmYtKFY/sendMessage "HTTP/1.1 200 OK"
2025-06-21 12:52:17,278 - __main__ - INFO - Email sent successfully to chouhann.mayankk@gmail.com
2025-06-21 12:52:17,685 - httpx - INFO - HTTP Request: POST https://api.telegram.org/bot7953046471:AAFi4pFiEm-_tVu30Ci81Pb3THkAdmYtKFY/sendMessage "HTTP/1.1 200 OK"
2025-06-21 12:52:22,499 - httpx - INFO - HTTP Request: POST https://api.telegram.org/bot7953046471:AAFi4pFiEm-_tVu30Ci81Pb3THkAdmYtKFY/getUpdates "HTTP/1.1 200 OK"
2025-06-21 12:52:27,722 - httpx - INFO - HTTP Request: POST https://api.telegram.org/bot7953046471:AAFi4pFiEm-_tVu30Ci81Pb3THkAdmYtKFY/getUpdates "HTTP/1.1 200 OK"
2025-06-21 12:52:28,548 - httpx - INFO - HTTP Request: POST https://api.telegram.org/bot7953046471:AAFi4pFiEm-_tVu30Ci81Pb3THkAdmYtKFY/sendMessage "HTTP/1.1 200 OK"
2025-06-21 12:52:37,962 - httpx - INFO - HTTP Request: POST https://api.telegram.org/bot7953046471:AAFi4pFiEm-_tVu30Ci81Pb3THkAdmYtKFY/getUpdates "HTTP/1.1 200 OK"
2025-06-21 12:52:48,206 - httpx - INFO - HTTP Request: POST https://api.telegram.org/bot7953046471:AAFi4pFiEm-_tVu30Ci81Pb3THkAdmYtKFY/getUpdates "HTTP/1.1 200 OK"
2025-06-21 12:52:53,731 - httpx - INFO - HTTP Request: POST https://api.telegram.org/bot7953046471:AAFi4pFiEm-_tVu30Ci81Pb3THkAdmYtKFY/getUpdates "HTTP/1.1 200 OK"
2025-06-21 12:52:58,894 - __main__ - INFO - Email sent successfully to 2303051050426@paruluniversity.ac.in
2025-06-21 12:52:59,875 - httpx - INFO - HTTP Request: POST https://api.telegram.org/bot7953046471:AAFi4pFiEm-_tVu30Ci81Pb3THkAdmYtKFY/sendMessage "HTTP/1.1 200 OK"
2025-06-21 12:53:04,075 - httpx - INFO - HTTP Request: POST https://api.telegram.org/bot7953046471:AAFi4pFiEm-_tVu30Ci81Pb3THkAdmYtKFY/getUpdates "HTTP/1.1 200 OK"
2025-06-21 12:53:14,314 - httpx - INFO - HTTP Request: POST https://api.telegram.org/bot7953046471:AAFi4pFiEm-_tVu30Ci81Pb3THkAdmYtKFY/getUpdates "HTTP/1.1 200 OK"
2025-06-21 12:53:24,563 - httpx - INFO - HTTP Request: POST https://api.telegram.org/bot7953046471:AAFi4pFiEm-_tVu30Ci81Pb3THkAdmYtKFY/getUpdates "HTTP/1.1 200 OK"
2025-06-21 12:53:27,320 - httpx - INFO - HTTP Request: POST https://api.telegram.org/bot7953046471:AAFi4pFiEm-_tVu30Ci81Pb3THkAdmYtKFY/getUpdates "HTTP/1.1 200 OK"
2025-06-21 12:53:28,141 - httpx - INFO - HTTP Request: POST https://api.telegram.org/bot7953046471:AAFi4pFiEm-_tVu30Ci81Pb3THkAdmYtKFY/sendMessage "HTTP/1.1 200 OK"
2025-06-21 12:53:32,338 - httpx - INFO - HTTP Request: POST https://api.telegram.org/bot7953046471:AAFi4pFiEm-_tVu30Ci81Pb3THkAdmYtKFY/getUpdates "HTTP/1.1 200 OK"
2025-06-21 12:53:32,643 - httpx - INFO - HTTP Request: POST https://api.telegram.org/bot7953046471:AAFi4pFiEm-_tVu30Ci81Pb3THkAdmYtKFY/answerCallbackQuery "HTTP/1.1 200 OK"
2025-06-21 12:53:33,054 - httpx - INFO - HTTP Request: POST https://api.telegram.org/bot7953046471:AAFi4pFiEm-_tVu30Ci81Pb3THkAdmYtKFY/editMessageText "HTTP/1.1 200 OK"
2025-06-21 12:53:37,049 - httpx - INFO - HTTP Request: POST https://api.telegram.org/bot7953046471:AAFi4pFiEm-_tVu30Ci81Pb3THkAdmYtKFY/getUpdates "HTTP/1.1 200 OK"
2025-06-21 12:53:37,378 - httpx - INFO - HTTP Request: POST https://api.telegram.org/bot7953046471:AAFi4pFiEm-_tVu30Ci81Pb3THkAdmYtKFY/sendMessage "HTTP/1.1 200 OK"
2025-06-21 12:53:41,762 - __main__ - INFO - Email sent successfully to chouhann.mayankk@gmail.com
2025-06-21 12:53:42,169 - httpx - INFO - HTTP Request: POST https://api.telegram.org/bot7953046471:AAFi4pFiEm-_tVu30Ci81Pb3THkAdmYtKFY/sendMessage "HTTP/1.1 200 OK"
2025-06-21 12:53:47,289 - httpx - INFO - HTTP Request: POST https://api.telegram.org/bot7953046471:AAFi4pFiEm-_tVu30Ci81Pb3THkAdmYtKFY/getUpdates "HTTP/1.1 200 OK"
2025-06-21 12:53:53,842 - httpx - INFO - HTTP Request: POST https://api.telegram.org/bot7953046471:AAFi4pFiEm-_tVu30Ci81Pb3THkAdmYtKFY/getUpdates "HTTP/1.1 200 OK"
2025-06-21 12:53:55,173 - httpx - INFO - HTTP Request: POST https://api.telegram.org/bot7953046471:AAFi4pFiEm-_tVu30Ci81Pb3THkAdmYtKFY/sendMessage "HTTP/1.1 200 OK"
2025-06-21 12:54:04,595 - httpx - INFO - HTTP Request: POST https://api.telegram.org/bot7953046471:AAFi4pFiEm-_tVu30Ci81Pb3THkAdmYtKFY/getUpdates "HTTP/1.1 200 OK"
2025-06-21 12:54:44,746 - httpx - INFO - HTTP Request: POST https://api.telegram.org/bot7953046471:AAFi4pFiEm-_tVu30Ci81Pb3THkAdmYtKFY/getUpdates "HTTP/1.1 200 OK"
2025-06-21 12:54:45,133 - httpx - INFO - HTTP Request: POST https://api.telegram.org/bot7953046471:AAFi4pFiEm-_tVu30Ci81Pb3THkAdmYtKFY/getUpdates "HTTP/1.1 200 OK"
2025-06-21 12:54:49,242 - __main__ - INFO - Email sent successfully to 2303051050426@paruluniversity.ac.in
2025-06-21 12:54:50,157 - httpx - INFO - HTTP Request: POST https://api.telegram.org/bot7953046471:AAFi4pFiEm-_tVu30Ci81Pb3THkAdmYtKFY/sendMessage "HTTP/1.1 200 OK"
2025-06-21 12:54:55,364 - httpx - INFO - HTTP Request: POST https://api.telegram.org/bot7953046471:AAFi4pFiEm-_tVu30Ci81Pb3THkAdmYtKFY/getUpdates "HTTP/1.1 200 OK"
2025-06-21 12:55:05,590 - httpx - INFO - HTTP Request: POST https://api.telegram.org/bot7953046471:AAFi4pFiEm-_tVu30Ci81Pb3THkAdmYtKFY/getUpdates "HTTP/1.1 200 OK"
2025-06-21 12:55:12,806 - httpx - INFO - HTTP Request: POST https://api.telegram.org/bot7953046471:AAFi4pFiEm-_tVu30Ci81Pb3THkAdmYtKFY/getUpdates "HTTP/1.1 200 OK"
2025-06-21 12:55:13,727 - httpx - INFO - HTTP Request: POST https://api.telegram.org/bot7953046471:AAFi4pFiEm-_tVu30Ci81Pb3THkAdmYtKFY/sendMessage "HTTP/1.1 200 OK"
2025-06-21 12:55:23,047 - httpx - INFO - HTTP Request: POST https://api.telegram.org/bot7953046471:AAFi4pFiEm-_tVu30Ci81Pb3THkAdmYtKFY/getUpdates "HTTP/1.1 200 OK"
2025-06-21 12:55:33,337 - httpx - INFO - HTTP Request: POST https://api.telegram.org/bot7953046471:AAFi4pFiEm-_tVu30Ci81Pb3THkAdmYtKFY/getUpdates "HTTP/1.1 200 OK"
2025-06-21 12:55:43,569 - httpx - INFO - HTTP Request: POST https://api.telegram.org/bot7953046471:AAFi4pFiEm-_tVu30Ci81Pb3THkAdmYtKFY/getUpdates "HTTP/1.1 200 OK"
2025-06-21 12:55:53,802 - httpx - INFO - HTTP Request: POST https://api.telegram.org/bot7953046471:AAFi4pFiEm-_tVu30Ci81Pb3THkAdmYtKFY/getUpdates "HTTP/1.1 200 OK"
2025-06-21 12:56:04,037 - httpx - INFO - HTTP Request: POST https://api.telegram.org/bot7953046471:AAFi4pFiEm-_tVu30Ci81Pb3THkAdmYtKFY/getUpdates "HTTP/1.1 200 OK"
2025-06-21 12:56:14,269 - httpx - INFO - HTTP Request: POST https://api.telegram.org/bot7953046471:AAFi4pFiEm-_tVu30Ci81Pb3THkAdmYtKFY/getUpdates "HTTP/1.1 200 OK"
2025-06-21 12:56:24,499 - httpx - INFO - HTTP Request: POST https://api.telegram.org/bot7953046471:AAFi4pFiEm-_tVu30Ci81Pb3THkAdmYtKFY/getUpdates "HTTP/1.1 200 OK"
2025-06-21 12:56:34,733 - httpx - INFO - HTTP Request: POST https://api.telegram.org/bot7953046471:AAFi4pFiEm-_tVu30Ci81Pb3THkAdmYtKFY/getUpdates "HTTP/1.1 200 OK"
2025-06-21 12:56:44,968 - httpx - INFO - HTTP Request: POST https://api.telegram.org/bot7953046471:AAFi4pFiEm-_tVu30Ci81Pb3THkAdmYtKFY/getUpdates "HTTP/1.1 200 OK"
2025-06-21 12:56:55,315 - httpx - INFO - HTTP Request: POST https://api.telegram.org/bot7953046471:AAFi4pFiEm-_tVu30Ci81Pb3THkAdmYtKFY/getUpdates "HTTP/1.1 200 OK"
2025-06-21 12:57:05,542 - httpx - INFO - HTTP Request: POST https://api.telegram.org/bot7953046471:AAFi4pFiEm-_tVu30Ci81Pb3THkAdmYtKFY/getUpdates "HTTP/1.1 200 OK"
2025-06-21 12:57:15,774 - httpx - INFO - HTTP Request: POST https://api.telegram.org/bot7953046471:AAFi4pFiEm-_tVu30Ci81Pb3THkAdmYtKFY/getUpdates "HTTP/1.1 200 OK"
2025-06-21 12:57:26,013 - httpx - INFO - HTTP Request: POST https://api.telegram.org/bot7953046471:AAFi4pFiEm-_tVu30Ci81Pb3THkAdmYtKFY/getUpdates "HTTP/1.1 200 OK"
2025-06-21 12:57:36,255 - httpx - INFO - HTTP Request: POST https://api.telegram.org/bot7953046471:AAFi4pFiEm-_tVu30Ci81Pb3THkAdmYtKFY/getUpdates "HTTP/1.1 200 OK"
2025-06-21 12:57:46,479 - httpx - INFO - HTTP Request: POST https://api.telegram.org/bot7953046471:AAFi4pFiEm-_tVu30Ci81Pb3THkAdmYtKFY/getUpdates "HTTP/1.1 200 OK"
2025-06-21 12:57:56,714 - httpx - INFO - HTTP Request: POST https://api.telegram.org/bot7953046471:AAFi4pFiEm-_tVu30Ci81Pb3THkAdmYtKFY/getUpdates "HTTP/1.1 200 OK"
2025-06-21 12:58:06,937 - httpx - INFO - HTTP Request: POST https://api.telegram.org/bot7953046471:AAFi4pFiEm-_tVu30Ci81Pb3THkAdmYtKFY/getUpdates "HTTP/1.1 200 OK"
2025-06-21 12:58:17,161 - httpx - INFO - HTTP Request: POST https://api.telegram.org/bot7953046471:AAFi4pFiEm-_tVu30Ci81Pb3THkAdmYtKFY/getUpdates "HTTP/1.1 200 OK"
2025-06-21 12:58:27,385 - httpx - INFO - HTTP Request: POST https://api.telegram.org/bot7953046471:AAFi4pFiEm-_tVu30Ci81Pb3THkAdmYtKFY/getUpdates "HTTP/1.1 200 OK"
2025-06-21 12:58:37,606 - httpx - INFO - HTTP Request: POST https://api.telegram.org/bot7953046471:AAFi4pFiEm-_tVu30Ci81Pb3THkAdmYtKFY/getUpdates "HTTP/1.1 200 OK"
2025-06-21 12:58:47,830 - httpx - INFO - HTTP Request: POST https://api.telegram.org/bot7953046471:AAFi4pFiEm-_tVu30Ci81Pb3THkAdmYtKFY/getUpdates "HTTP/1.1 200 OK"
2025-06-21 12:58:58,049 - httpx - INFO - HTTP Request: POST https://api.telegram.org/bot7953046471:AAFi4pFiEm-_tVu30Ci81Pb3THkAdmYtKFY/getUpdates "HTTP/1.1 200 OK"
2025-06-21 12:59:08,267 - httpx - INFO - HTTP Request: POST https://api.telegram.org/bot7953046471:AAFi4pFiEm-_tVu30Ci81Pb3THkAdmYtKFY/getUpdates "HTTP/1.1 200 OK"
2025-06-21 12:59:18,490 - httpx - INFO - HTTP Request: POST https://api.telegram.org/bot7953046471:AAFi4pFiEm-_tVu30Ci81Pb3THkAdmYtKFY/getUpdates "HTTP/1.1 200 OK"
2025-06-21 12:59:28,709 - httpx - INFO - HTTP Request: POST https://api.telegram.org/bot7953046471:AAFi4pFiEm-_tVu30Ci81Pb3THkAdmYtKFY/getUpdates "HTTP/1.1 200 OK"
2025-06-21 12:59:38,926 - httpx - INFO - HTTP Request: POST https://api.telegram.org/bot7953046471:AAFi4pFiEm-_tVu30Ci81Pb3THkAdmYtKFY/getUpdates "HTTP/1.1 200 OK"
2025-06-21 12:59:49,171 - httpx - INFO - HTTP Request: POST https://api.telegram.org/bot7953046471:AAFi4pFiEm-_tVu30Ci81Pb3THkAdmYtKFY/getUpdates "HTTP/1.1 200 OK"
2025-06-21 12:59:59,398 - httpx - INFO - HTTP Request: POST https://api.telegram.org/bot7953046471:AAFi4pFiEm-_tVu30Ci81Pb3THkAdmYtKFY/getUpdates "HTTP/1.1 200 OK"
2025-06-21 13:00:09,622 - httpx - INFO - HTTP Request: POST https://api.telegram.org/bot7953046471:AAFi4pFiEm-_tVu30Ci81Pb3THkAdmYtKFY/getUpdates "HTTP/1.1 200 OK"
2025-06-21 13:00:19,848 - httpx - INFO - HTTP Request: POST https://api.telegram.org/bot7953046471:AAFi4pFiEm-_tVu30Ci81Pb3THkAdmYtKFY/getUpdates "HTTP/1.1 200 OK"
2025-06-21 13:00:30,071 - httpx - INFO - HTTP Request: POST https://api.telegram.org/bot7953046471:AAFi4pFiEm-_tVu30Ci81Pb3THkAdmYtKFY/getUpdates "HTTP/1.1 200 OK"
2025-06-21 13:00:40,292 - httpx - INFO - HTTP Request: POST https://api.telegram.org/bot7953046471:AAFi4pFiEm-_tVu30Ci81Pb3THkAdmYtKFY/getUpdates "HTTP/1.1 200 OK"
2025-06-21 13:00:50,518 - httpx - INFO - HTTP Request: POST https://api.telegram.org/bot7953046471:AAFi4pFiEm-_tVu30Ci81Pb3THkAdmYtKFY/getUpdates "HTTP/1.1 200 OK"
2025-06-21 13:01:00,742 - httpx - INFO - HTTP Request: POST https://api.telegram.org/bot7953046471:AAFi4pFiEm-_tVu30Ci81Pb3THkAdmYtKFY/getUpdates "HTTP/1.1 200 OK"
2025-06-21 13:01:10,963 - httpx - INFO - HTTP Request: POST https://api.telegram.org/bot7953046471:AAFi4pFiEm-_tVu30Ci81Pb3THkAdmYtKFY/getUpdates "HTTP/1.1 200 OK"
2025-06-21 13:01:21,182 - httpx - INFO - HTTP Request: POST https://api.telegram.org/bot7953046471:AAFi4pFiEm-_tVu30Ci81Pb3THkAdmYtKFY/getUpdates "HTTP/1.1 200 OK"
2025-06-21 13:01:31,404 - httpx - INFO - HTTP Request: POST https://api.telegram.org/bot7953046471:AAFi4pFiEm-_tVu30Ci81Pb3THkAdmYtKFY/getUpdates "HTTP/1.1 200 OK"
2025-06-21 13:01:41,636 - httpx - INFO - HTTP Request: POST https://api.telegram.org/bot7953046471:AAFi4pFiEm-_tVu30Ci81Pb3THkAdmYtKFY/getUpdates "HTTP/1.1 200 OK"
2025-06-21 13:01:51,864 - httpx - INFO - HTTP Request: POST https://api.telegram.org/bot7953046471:AAFi4pFiEm-_tVu30Ci81Pb3THkAdmYtKFY/getUpdates "HTTP/1.1 200 OK"
2025-06-21 13:02:02,087 - httpx - INFO - HTTP Request: POST https://api.telegram.org/bot7953046471:AAFi4pFiEm-_tVu30Ci81Pb3THkAdmYtKFY/getUpdates "HTTP/1.1 200 OK"
2025-06-21 13:02:12,305 - httpx - INFO - HTTP Request: POST https://api.telegram.org/bot7953046471:AAFi4pFiEm-_tVu30Ci81Pb3THkAdmYtKFY/getUpdates "HTTP/1.1 200 OK"
2025-06-21 13:02:22,531 - httpx - INFO - HTTP Request: POST https://api.telegram.org/bot7953046471:AAFi4pFiEm-_tVu30Ci81Pb3THkAdmYtKFY/getUpdates "HTTP/1.1 200 OK"
2025-06-21 13:02:32,756 - httpx - INFO - HTTP Request: POST https://api.telegram.org/bot7953046471:AAFi4pFiEm-_tVu30Ci81Pb3THkAdmYtKFY/getUpdates "HTTP/1.1 200 OK"
2025-06-21 13:02:42,982 - httpx - INFO - HTTP Request: POST https://api.telegram.org/bot7953046471:AAFi4pFiEm-_tVu30Ci81Pb3THkAdmYtKFY/getUpdates "HTTP/1.1 200 OK"
2025-06-21 13:02:53,200 - httpx - INFO - HTTP Request: POST https://api.telegram.org/bot7953046471:AAFi4pFiEm-_tVu30Ci81Pb3THkAdmYtKFY/getUpdates "HTTP/1.1 200 OK"
2025-06-21 13:03:03,417 - httpx - INFO - HTTP Request: POST https://api.telegram.org/bot7953046471:AAFi4pFiEm-_tVu30Ci81Pb3THkAdmYtKFY/getUpdates "HTTP/1.1 200 OK"
2025-06-21 13:03:13,636 - httpx - INFO - HTTP Request: POST https://api.telegram.org/bot7953046471:AAFi4pFiEm-_tVu30Ci81Pb3THkAdmYtKFY/getUpdates "HTTP/1.1 200 OK"
2025-06-21 13:03:23,854 - httpx - INFO - HTTP Request: POST https://api.telegram.org/bot7953046471:AAFi4pFiEm-_tVu30Ci81Pb3THkAdmYtKFY/getUpdates "HTTP/1.1 200 OK"
2025-06-21 13:03:34,073 - httpx - INFO - HTTP Request: POST https://api.telegram.org/bot7953046471:AAFi4pFiEm-_tVu30Ci81Pb3THkAdmYtKFY/getUpdates "HTTP/1.1 200 OK"
2025-06-21 13:03:44,304 - httpx - INFO - HTTP Request: POST https://api.telegram.org/bot7953046471:AAFi4pFiEm-_tVu30Ci81Pb3THkAdmYtKFY/getUpdates "HTTP/1.1 200 OK"
2025-06-21 13:03:54,525 - httpx - INFO - HTTP Request: POST https://api.telegram.org/bot7953046471:AAFi4pFiEm-_tVu30Ci81Pb3THkAdmYtKFY/getUpdates "HTTP/1.1 200 OK"
2025-06-21 13:04:04,757 - httpx - INFO - HTTP Request: POST https://api.telegram.org/bot7953046471:AAFi4pFiEm-_tVu30Ci81Pb3THkAdmYtKFY/getUpdates "HTTP/1.1 200 OK"
2025-06-21 13:04:14,985 - httpx - INFO - HTTP Request: POST https://api.telegram.org/bot7953046471:AAFi4pFiEm-_tVu30Ci81Pb3THkAdmYtKFY/getUpdates "HTTP/1.1 200 OK"
2025-06-21 13:04:25,217 - httpx - INFO - HTTP Request: POST https://api.telegram.org/bot7953046471:AAFi4pFiEm-_tVu30Ci81Pb3THkAdmYtKFY/getUpdates "HTTP/1.1 200 OK"
2025-06-21 13:04:35,445 - httpx - INFO - HTTP Request: POST https://api.telegram.org/bot7953046471:AAFi4pFiEm-_tVu30Ci81Pb3THkAdmYtKFY/getUpdates "HTTP/1.1 200 OK"
2025-06-21 13:04:45,685 - httpx - INFO - HTTP Request: POST https://api.telegram.org/bot7953046471:AAFi4pFiEm-_tVu30Ci81Pb3THkAdmYtKFY/getUpdates "HTTP/1.1 200 OK"
2025-06-21 13:04:55,909 - httpx - INFO - HTTP Request: POST https://api.telegram.org/bot7953046471:AAFi4pFiEm-_tVu30Ci81Pb3THkAdmYtKFY/getUpdates "HTTP/1.1 200 OK"
2025-06-21 13:05:06,135 - httpx - INFO - HTTP Request: POST https://api.telegram.org/bot7953046471:AAFi4pFiEm-_tVu30Ci81Pb3THkAdmYtKFY/getUpdates "HTTP/1.1 200 OK"
2025-06-21 13:05:16,354 - httpx - INFO - HTTP Request: POST https://api.telegram.org/bot7953046471:AAFi4pFiEm-_tVu30Ci81Pb3THkAdmYtKFY/getUpdates "HTTP/1.1 200 OK"
