2025-06-21 09:14:10,397 - __main__ - INFO - Initializing Dr. Charaka Telegram Bot...
2025-06-21 09:14:11,054 - httpx - INFO - HTTP Request: POST https://api.telegram.org/bot7953046471:AAFi4pFiEm-_tVu30Ci81Pb3THkAdmYtKFY/getMe "HTTP/1.1 200 OK"
2025-06-21 09:14:11,295 - httpx - INFO - HTTP Request: POST https://api.telegram.org/bot7953046471:AAFi4pFiEm-_tVu30Ci81Pb3THkAdmYtKFY/deleteWebhook "HTTP/1.1 200 OK"
2025-06-21 09:14:11,299 - telegram.ext.Application - INFO - Application started
2025-06-21 09:14:22,097 - httpx - INFO - HTTP Request: POST https://api.telegram.org/bot7953046471:AAFi4pFiEm-_tVu30Ci81Pb3THkAdmYtKFY/getUpdates "HTTP/1.1 200 OK"
2025-06-21 09:14:24,709 - httpx - INFO - HTTP Request: POST https://api.telegram.org/bot7953046471:AAFi4pFiEm-_tVu30Ci81Pb3THkAdmYtKFY/getUpdates "HTTP/1.1 200 OK"
2025-06-21 09:14:25,428 - httpx - INFO - HTTP Request: POST https://api.telegram.org/bot7953046471:AAFi4pFiEm-_tVu30Ci81Pb3THkAdmYtKFY/sendMessage "HTTP/1.1 200 OK"
2025-06-21 09:14:35,052 - httpx - INFO - HTTP Request: POST https://api.telegram.org/bot7953046471:AAFi4pFiEm-_tVu30Ci81Pb3THkAdmYtKFY/getUpdates "HTTP/1.1 200 OK"
2025-06-21 09:14:36,588 - httpx - INFO - HTTP Request: POST https://api.telegram.org/bot7953046471:AAFi4pFiEm-_tVu30Ci81Pb3THkAdmYtKFY/getUpdates "HTTP/1.1 200 OK"
2025-06-21 09:14:37,296 - httpx - INFO - HTTP Request: POST https://api.telegram.org/bot7953046471:AAFi4pFiEm-_tVu30Ci81Pb3THkAdmYtKFY/answerCallbackQuery "HTTP/1.1 200 OK"
2025-06-21 09:14:37,713 - httpx - INFO - HTTP Request: POST https://api.telegram.org/bot7953046471:AAFi4pFiEm-_tVu30Ci81Pb3THkAdmYtKFY/editMessageText "HTTP/1.1 200 OK"
2025-06-21 09:14:43,960 - httpx - INFO - HTTP Request: POST https://api.telegram.org/bot7953046471:AAFi4pFiEm-_tVu30Ci81Pb3THkAdmYtKFY/getUpdates "HTTP/1.1 200 OK"
2025-06-21 09:14:47,958 - __main__ - INFO - OTP email sent successfully to chouhann.mayankk@gmail.com
2025-06-21 09:14:48,702 - httpx - INFO - HTTP Request: POST https://api.telegram.org/bot7953046471:AAFi4pFiEm-_tVu30Ci81Pb3THkAdmYtKFY/sendMessage "HTTP/1.1 200 OK"
2025-06-21 09:14:54,202 - httpx - INFO - HTTP Request: POST https://api.telegram.org/bot7953046471:AAFi4pFiEm-_tVu30Ci81Pb3THkAdmYtKFY/getUpdates "HTTP/1.1 200 OK"
2025-06-21 09:15:02,085 - httpx - INFO - HTTP Request: POST https://api.telegram.org/bot7953046471:AAFi4pFiEm-_tVu30Ci81Pb3THkAdmYtKFY/getUpdates "HTTP/1.1 200 OK"
2025-06-21 09:15:02,909 - httpx - INFO - HTTP Request: POST https://api.telegram.org/bot7953046471:AAFi4pFiEm-_tVu30Ci81Pb3THkAdmYtKFY/sendMessage "HTTP/1.1 200 OK"
2025-06-21 09:15:02,911 - __main__ - INFO - Fetching reports for patient ID: 3
2025-06-21 09:15:02,915 - __main__ - INFO - Found 1 reports for patient 3
2025-06-21 09:15:03,315 - httpx - INFO - HTTP Request: POST https://api.telegram.org/bot7953046471:AAFi4pFiEm-_tVu30Ci81Pb3THkAdmYtKFY/sendMessage "HTTP/1.1 200 OK"
2025-06-21 09:15:03,725 - httpx - INFO - HTTP Request: POST https://api.telegram.org/bot7953046471:AAFi4pFiEm-_tVu30Ci81Pb3THkAdmYtKFY/sendMessage "HTTP/1.1 200 OK"
2025-06-21 09:15:03,729 - __main__ - ERROR - Critical error sending report 34: You cannot call this from an async context - use a thread or sync_to_async.
2025-06-21 09:15:04,134 - httpx - INFO - HTTP Request: POST https://api.telegram.org/bot7953046471:AAFi4pFiEm-_tVu30Ci81Pb3THkAdmYtKFY/sendMessage "HTTP/1.1 200 OK"
2025-06-21 09:15:05,569 - httpx - INFO - HTTP Request: POST https://api.telegram.org/bot7953046471:AAFi4pFiEm-_tVu30Ci81Pb3THkAdmYtKFY/sendMessage "HTTP/1.1 200 OK"
2025-06-21 09:15:12,309 - httpx - INFO - HTTP Request: POST https://api.telegram.org/bot7953046471:AAFi4pFiEm-_tVu30Ci81Pb3THkAdmYtKFY/getUpdates "HTTP/1.1 200 OK"
2025-06-21 09:15:22,618 - httpx - INFO - HTTP Request: POST https://api.telegram.org/bot7953046471:AAFi4pFiEm-_tVu30Ci81Pb3THkAdmYtKFY/getUpdates "HTTP/1.1 200 OK"
2025-06-21 09:15:32,911 - httpx - INFO - HTTP Request: POST https://api.telegram.org/bot7953046471:AAFi4pFiEm-_tVu30Ci81Pb3THkAdmYtKFY/getUpdates "HTTP/1.1 200 OK"
2025-06-21 09:15:43,152 - httpx - INFO - HTTP Request: POST https://api.telegram.org/bot7953046471:AAFi4pFiEm-_tVu30Ci81Pb3THkAdmYtKFY/getUpdates "HTTP/1.1 200 OK"
2025-06-21 09:15:53,495 - httpx - INFO - HTTP Request: POST https://api.telegram.org/bot7953046471:AAFi4pFiEm-_tVu30Ci81Pb3THkAdmYtKFY/getUpdates "HTTP/1.1 200 OK"
2025-06-21 09:16:03,722 - httpx - INFO - HTTP Request: POST https://api.telegram.org/bot7953046471:AAFi4pFiEm-_tVu30Ci81Pb3THkAdmYtKFY/getUpdates "HTTP/1.1 200 OK"
2025-06-21 09:16:13,973 - httpx - INFO - HTTP Request: POST https://api.telegram.org/bot7953046471:AAFi4pFiEm-_tVu30Ci81Pb3THkAdmYtKFY/getUpdates "HTTP/1.1 200 OK"
2025-06-21 09:16:24,213 - httpx - INFO - HTTP Request: POST https://api.telegram.org/bot7953046471:AAFi4pFiEm-_tVu30Ci81Pb3THkAdmYtKFY/getUpdates "HTTP/1.1 200 OK"
2025-06-21 09:16:34,441 - httpx - INFO - HTTP Request: POST https://api.telegram.org/bot7953046471:AAFi4pFiEm-_tVu30Ci81Pb3THkAdmYtKFY/getUpdates "HTTP/1.1 200 OK"
2025-06-21 09:16:44,668 - httpx - INFO - HTTP Request: POST https://api.telegram.org/bot7953046471:AAFi4pFiEm-_tVu30Ci81Pb3THkAdmYtKFY/getUpdates "HTTP/1.1 200 OK"
2025-06-21 09:16:54,934 - httpx - INFO - HTTP Request: POST https://api.telegram.org/bot7953046471:AAFi4pFiEm-_tVu30Ci81Pb3THkAdmYtKFY/getUpdates "HTTP/1.1 200 OK"
2025-06-21 09:17:05,158 - httpx - INFO - HTTP Request: POST https://api.telegram.org/bot7953046471:AAFi4pFiEm-_tVu30Ci81Pb3THkAdmYtKFY/getUpdates "HTTP/1.1 200 OK"
2025-06-21 09:17:15,413 - httpx - INFO - HTTP Request: POST https://api.telegram.org/bot7953046471:AAFi4pFiEm-_tVu30Ci81Pb3THkAdmYtKFY/getUpdates "HTTP/1.1 200 OK"
2025-06-21 09:17:25,658 - httpx - INFO - HTTP Request: POST https://api.telegram.org/bot7953046471:AAFi4pFiEm-_tVu30Ci81Pb3THkAdmYtKFY/getUpdates "HTTP/1.1 200 OK"
2025-06-21 09:17:35,889 - httpx - INFO - HTTP Request: POST https://api.telegram.org/bot7953046471:AAFi4pFiEm-_tVu30Ci81Pb3THkAdmYtKFY/getUpdates "HTTP/1.1 200 OK"
2025-06-21 09:17:46,238 - httpx - INFO - HTTP Request: POST https://api.telegram.org/bot7953046471:AAFi4pFiEm-_tVu30Ci81Pb3THkAdmYtKFY/getUpdates "HTTP/1.1 200 OK"
2025-06-21 09:17:56,480 - httpx - INFO - HTTP Request: POST https://api.telegram.org/bot7953046471:AAFi4pFiEm-_tVu30Ci81Pb3THkAdmYtKFY/getUpdates "HTTP/1.1 200 OK"
2025-06-21 09:17:56,751 - telegram.ext.Application - INFO - Application is stopping. This might take a moment.
2025-06-21 09:17:56,753 - telegram.ext.Application - INFO - Application.stop() complete
2025-06-21 09:18:07,058 - __main__ - INFO - Initializing Dr. Charaka Telegram Bot...
2025-06-21 09:18:07,060 - __main__ - INFO - Media root directory: D:\project_ai_hackathon\media
2025-06-21 09:18:07,060 - __main__ - INFO - Found directory: chat_images
2025-06-21 09:18:07,060 - __main__ - INFO -   PDF files in chat_images: []
2025-06-21 09:18:07,061 - __main__ - INFO - Found directory: liver_reports
2025-06-21 09:18:07,061 - __main__ - INFO -   PDF files in liver_reports: ['DrCharaka_LiverReport_Chouhan_1.pdf', 'DrCharaka_LiverReport_Chouhan_24.pdf', 'DrCharaka_LiverReport_Chouhan_24_v6QkeOR.pdf', 'DrCharaka_LiverReport_Chouhan_26.pdf', 'DrCharaka_LiverReport_Chouhan_7.pdf']
2025-06-21 09:18:07,061 - __main__ - INFO - Found directory: profiles
2025-06-21 09:18:07,062 - __main__ - INFO -   PDF files in profiles: []
2025-06-21 09:18:07,062 - __main__ - INFO - Found directory: reports
2025-06-21 09:18:07,064 - __main__ - INFO -   PDF files in reports: ['diabetes_report_2_20250620_215151.pdf', 'DrCharaka_Report_Chouhan_7.pdf']
2025-06-21 09:18:07,886 - httpx - INFO - HTTP Request: POST https://api.telegram.org/bot7953046471:AAFi4pFiEm-_tVu30Ci81Pb3THkAdmYtKFY/getMe "HTTP/1.1 200 OK"
2025-06-21 09:18:08,110 - httpx - INFO - HTTP Request: POST https://api.telegram.org/bot7953046471:AAFi4pFiEm-_tVu30Ci81Pb3THkAdmYtKFY/deleteWebhook "HTTP/1.1 200 OK"
2025-06-21 09:18:08,114 - telegram.ext.Application - INFO - Application started
2025-06-21 09:18:18,654 - httpx - INFO - HTTP Request: POST https://api.telegram.org/bot7953046471:AAFi4pFiEm-_tVu30Ci81Pb3THkAdmYtKFY/getUpdates "HTTP/1.1 200 OK"
2025-06-21 09:18:23,717 - httpx - INFO - HTTP Request: POST https://api.telegram.org/bot7953046471:AAFi4pFiEm-_tVu30Ci81Pb3THkAdmYtKFY/getUpdates "HTTP/1.1 200 OK"
2025-06-21 09:18:24,632 - httpx - INFO - HTTP Request: POST https://api.telegram.org/bot7953046471:AAFi4pFiEm-_tVu30Ci81Pb3THkAdmYtKFY/sendMessage "HTTP/1.1 200 OK"
2025-06-21 09:18:26,484 - httpx - INFO - HTTP Request: POST https://api.telegram.org/bot7953046471:AAFi4pFiEm-_tVu30Ci81Pb3THkAdmYtKFY/getUpdates "HTTP/1.1 200 OK"
2025-06-21 09:18:26,891 - httpx - INFO - HTTP Request: POST https://api.telegram.org/bot7953046471:AAFi4pFiEm-_tVu30Ci81Pb3THkAdmYtKFY/answerCallbackQuery "HTTP/1.1 200 OK"
2025-06-21 09:18:27,290 - httpx - INFO - HTTP Request: POST https://api.telegram.org/bot7953046471:AAFi4pFiEm-_tVu30Ci81Pb3THkAdmYtKFY/editMessageText "HTTP/1.1 200 OK"
2025-06-21 09:18:36,721 - httpx - INFO - HTTP Request: POST https://api.telegram.org/bot7953046471:AAFi4pFiEm-_tVu30Ci81Pb3THkAdmYtKFY/getUpdates "HTTP/1.1 200 OK"
2025-06-21 09:18:42,149 - httpx - INFO - HTTP Request: POST https://api.telegram.org/bot7953046471:AAFi4pFiEm-_tVu30Ci81Pb3THkAdmYtKFY/getUpdates "HTTP/1.1 200 OK"
2025-06-21 09:18:46,557 - __main__ - INFO - OTP email sent successfully to chouhann.mayankk@gmail.com
2025-06-21 09:18:47,577 - httpx - INFO - HTTP Request: POST https://api.telegram.org/bot7953046471:AAFi4pFiEm-_tVu30Ci81Pb3THkAdmYtKFY/sendMessage "HTTP/1.1 200 OK"
2025-06-21 09:18:52,389 - httpx - INFO - HTTP Request: POST https://api.telegram.org/bot7953046471:AAFi4pFiEm-_tVu30Ci81Pb3THkAdmYtKFY/getUpdates "HTTP/1.1 200 OK"
2025-06-21 09:18:58,227 - httpx - INFO - HTTP Request: POST https://api.telegram.org/bot7953046471:AAFi4pFiEm-_tVu30Ci81Pb3THkAdmYtKFY/getUpdates "HTTP/1.1 200 OK"
2025-06-21 09:18:59,046 - httpx - INFO - HTTP Request: POST https://api.telegram.org/bot7953046471:AAFi4pFiEm-_tVu30Ci81Pb3THkAdmYtKFY/sendMessage "HTTP/1.1 200 OK"
2025-06-21 09:18:59,048 - __main__ - INFO - Fetching reports for patient ID: 3
2025-06-21 09:18:59,052 - __main__ - INFO - Found 1 reports for patient 3
2025-06-21 09:18:59,559 - httpx - INFO - HTTP Request: POST https://api.telegram.org/bot7953046471:AAFi4pFiEm-_tVu30Ci81Pb3THkAdmYtKFY/sendMessage "HTTP/1.1 200 OK"
2025-06-21 09:18:59,967 - httpx - INFO - HTTP Request: POST https://api.telegram.org/bot7953046471:AAFi4pFiEm-_tVu30Ci81Pb3THkAdmYtKFY/sendMessage "HTTP/1.1 200 OK"
2025-06-21 09:18:59,971 - __main__ - ERROR - Critical error sending report 34: You cannot call this from an async context - use a thread or sync_to_async.
2025-06-21 09:19:00,344 - httpx - INFO - HTTP Request: POST https://api.telegram.org/bot7953046471:AAFi4pFiEm-_tVu30Ci81Pb3THkAdmYtKFY/sendMessage "HTTP/1.1 200 OK"
2025-06-21 09:19:01,687 - httpx - INFO - HTTP Request: POST https://api.telegram.org/bot7953046471:AAFi4pFiEm-_tVu30Ci81Pb3THkAdmYtKFY/sendMessage "HTTP/1.1 200 OK"
2025-06-21 09:19:08,466 - httpx - INFO - HTTP Request: POST https://api.telegram.org/bot7953046471:AAFi4pFiEm-_tVu30Ci81Pb3THkAdmYtKFY/getUpdates "HTTP/1.1 200 OK"
2025-06-21 09:19:18,707 - httpx - INFO - HTTP Request: POST https://api.telegram.org/bot7953046471:AAFi4pFiEm-_tVu30Ci81Pb3THkAdmYtKFY/getUpdates "HTTP/1.1 200 OK"
2025-06-21 09:19:28,946 - httpx - INFO - HTTP Request: POST https://api.telegram.org/bot7953046471:AAFi4pFiEm-_tVu30Ci81Pb3THkAdmYtKFY/getUpdates "HTTP/1.1 200 OK"
2025-06-21 09:19:39,096 - httpx - INFO - HTTP Request: POST https://api.telegram.org/bot7953046471:AAFi4pFiEm-_tVu30Ci81Pb3THkAdmYtKFY/getUpdates "HTTP/1.1 200 OK"
2025-06-21 09:19:49,325 - httpx - INFO - HTTP Request: POST https://api.telegram.org/bot7953046471:AAFi4pFiEm-_tVu30Ci81Pb3THkAdmYtKFY/getUpdates "HTTP/1.1 200 OK"
2025-06-21 09:19:59,667 - httpx - INFO - HTTP Request: POST https://api.telegram.org/bot7953046471:AAFi4pFiEm-_tVu30Ci81Pb3THkAdmYtKFY/getUpdates "HTTP/1.1 200 OK"
2025-06-21 09:20:09,907 - httpx - INFO - HTTP Request: POST https://api.telegram.org/bot7953046471:AAFi4pFiEm-_tVu30Ci81Pb3THkAdmYtKFY/getUpdates "HTTP/1.1 200 OK"
2025-06-21 09:20:20,151 - httpx - INFO - HTTP Request: POST https://api.telegram.org/bot7953046471:AAFi4pFiEm-_tVu30Ci81Pb3THkAdmYtKFY/getUpdates "HTTP/1.1 200 OK"
2025-06-21 09:20:30,389 - httpx - INFO - HTTP Request: POST https://api.telegram.org/bot7953046471:AAFi4pFiEm-_tVu30Ci81Pb3THkAdmYtKFY/getUpdates "HTTP/1.1 200 OK"
2025-06-21 09:20:40,628 - httpx - INFO - HTTP Request: POST https://api.telegram.org/bot7953046471:AAFi4pFiEm-_tVu30Ci81Pb3THkAdmYtKFY/getUpdates "HTTP/1.1 200 OK"
2025-06-21 09:20:50,781 - httpx - INFO - HTTP Request: POST https://api.telegram.org/bot7953046471:AAFi4pFiEm-_tVu30Ci81Pb3THkAdmYtKFY/getUpdates "HTTP/1.1 200 OK"
2025-06-21 09:21:00,929 - httpx - INFO - HTTP Request: POST https://api.telegram.org/bot7953046471:AAFi4pFiEm-_tVu30Ci81Pb3THkAdmYtKFY/getUpdates "HTTP/1.1 200 OK"
2025-06-21 09:21:11,073 - httpx - INFO - HTTP Request: POST https://api.telegram.org/bot7953046471:AAFi4pFiEm-_tVu30Ci81Pb3THkAdmYtKFY/getUpdates "HTTP/1.1 200 OK"
2025-06-21 09:21:21,221 - httpx - INFO - HTTP Request: POST https://api.telegram.org/bot7953046471:AAFi4pFiEm-_tVu30Ci81Pb3THkAdmYtKFY/getUpdates "HTTP/1.1 200 OK"
2025-06-21 09:21:31,366 - httpx - INFO - HTTP Request: POST https://api.telegram.org/bot7953046471:AAFi4pFiEm-_tVu30Ci81Pb3THkAdmYtKFY/getUpdates "HTTP/1.1 200 OK"
2025-06-21 09:21:41,543 - httpx - INFO - HTTP Request: POST https://api.telegram.org/bot7953046471:AAFi4pFiEm-_tVu30Ci81Pb3THkAdmYtKFY/getUpdates "HTTP/1.1 200 OK"
2025-06-21 09:21:51,696 - httpx - INFO - HTTP Request: POST https://api.telegram.org/bot7953046471:AAFi4pFiEm-_tVu30Ci81Pb3THkAdmYtKFY/getUpdates "HTTP/1.1 200 OK"
2025-06-21 09:22:01,840 - httpx - INFO - HTTP Request: POST https://api.telegram.org/bot7953046471:AAFi4pFiEm-_tVu30Ci81Pb3THkAdmYtKFY/getUpdates "HTTP/1.1 200 OK"
2025-06-21 09:22:12,060 - httpx - INFO - HTTP Request: POST https://api.telegram.org/bot7953046471:AAFi4pFiEm-_tVu30Ci81Pb3THkAdmYtKFY/getUpdates "HTTP/1.1 200 OK"
2025-06-21 09:22:22,205 - httpx - INFO - HTTP Request: POST https://api.telegram.org/bot7953046471:AAFi4pFiEm-_tVu30Ci81Pb3THkAdmYtKFY/getUpdates "HTTP/1.1 200 OK"
2025-06-21 09:22:32,350 - httpx - INFO - HTTP Request: POST https://api.telegram.org/bot7953046471:AAFi4pFiEm-_tVu30Ci81Pb3THkAdmYtKFY/getUpdates "HTTP/1.1 200 OK"
2025-06-21 09:22:42,562 - httpx - INFO - HTTP Request: POST https://api.telegram.org/bot7953046471:AAFi4pFiEm-_tVu30Ci81Pb3THkAdmYtKFY/getUpdates "HTTP/1.1 200 OK"
2025-06-21 09:22:52,707 - httpx - INFO - HTTP Request: POST https://api.telegram.org/bot7953046471:AAFi4pFiEm-_tVu30Ci81Pb3THkAdmYtKFY/getUpdates "HTTP/1.1 200 OK"
2025-06-21 09:23:02,856 - httpx - INFO - HTTP Request: POST https://api.telegram.org/bot7953046471:AAFi4pFiEm-_tVu30Ci81Pb3THkAdmYtKFY/getUpdates "HTTP/1.1 200 OK"
2025-06-21 09:23:13,001 - httpx - INFO - HTTP Request: POST https://api.telegram.org/bot7953046471:AAFi4pFiEm-_tVu30Ci81Pb3THkAdmYtKFY/getUpdates "HTTP/1.1 200 OK"
2025-06-21 09:23:23,243 - httpx - INFO - HTTP Request: POST https://api.telegram.org/bot7953046471:AAFi4pFiEm-_tVu30Ci81Pb3THkAdmYtKFY/getUpdates "HTTP/1.1 200 OK"
2025-06-21 09:23:33,483 - httpx - INFO - HTTP Request: POST https://api.telegram.org/bot7953046471:AAFi4pFiEm-_tVu30Ci81Pb3THkAdmYtKFY/getUpdates "HTTP/1.1 200 OK"
2025-06-21 09:23:43,724 - httpx - INFO - HTTP Request: POST https://api.telegram.org/bot7953046471:AAFi4pFiEm-_tVu30Ci81Pb3THkAdmYtKFY/getUpdates "HTTP/1.1 200 OK"
2025-06-21 09:23:53,965 - httpx - INFO - HTTP Request: POST https://api.telegram.org/bot7953046471:AAFi4pFiEm-_tVu30Ci81Pb3THkAdmYtKFY/getUpdates "HTTP/1.1 200 OK"
2025-06-21 09:24:04,113 - httpx - INFO - HTTP Request: POST https://api.telegram.org/bot7953046471:AAFi4pFiEm-_tVu30Ci81Pb3THkAdmYtKFY/getUpdates "HTTP/1.1 200 OK"
2025-06-21 09:24:14,342 - httpx - INFO - HTTP Request: POST https://api.telegram.org/bot7953046471:AAFi4pFiEm-_tVu30Ci81Pb3THkAdmYtKFY/getUpdates "HTTP/1.1 200 OK"
2025-06-21 09:25:44,966 - httpx - INFO - HTTP Request: POST https://api.telegram.org/bot7953046471:AAFi4pFiEm-_tVu30Ci81Pb3THkAdmYtKFY/getUpdates "HTTP/1.1 200 OK"
2025-06-21 09:25:55,222 - httpx - INFO - HTTP Request: POST https://api.telegram.org/bot7953046471:AAFi4pFiEm-_tVu30Ci81Pb3THkAdmYtKFY/getUpdates "HTTP/1.1 200 OK"
2025-06-21 09:26:05,447 - httpx - INFO - HTTP Request: POST https://api.telegram.org/bot7953046471:AAFi4pFiEm-_tVu30Ci81Pb3THkAdmYtKFY/getUpdates "HTTP/1.1 200 OK"
2025-06-21 09:26:15,591 - httpx - INFO - HTTP Request: POST https://api.telegram.org/bot7953046471:AAFi4pFiEm-_tVu30Ci81Pb3THkAdmYtKFY/getUpdates "HTTP/1.1 200 OK"
2025-06-21 09:26:25,838 - httpx - INFO - HTTP Request: POST https://api.telegram.org/bot7953046471:AAFi4pFiEm-_tVu30Ci81Pb3THkAdmYtKFY/getUpdates "HTTP/1.1 200 OK"
2025-06-21 09:26:36,066 - httpx - INFO - HTTP Request: POST https://api.telegram.org/bot7953046471:AAFi4pFiEm-_tVu30Ci81Pb3THkAdmYtKFY/getUpdates "HTTP/1.1 200 OK"
2025-06-21 09:26:46,211 - httpx - INFO - HTTP Request: POST https://api.telegram.org/bot7953046471:AAFi4pFiEm-_tVu30Ci81Pb3THkAdmYtKFY/getUpdates "HTTP/1.1 200 OK"
2025-06-21 09:26:56,444 - httpx - INFO - HTTP Request: POST https://api.telegram.org/bot7953046471:AAFi4pFiEm-_tVu30Ci81Pb3THkAdmYtKFY/getUpdates "HTTP/1.1 200 OK"
2025-06-21 09:27:06,685 - httpx - INFO - HTTP Request: POST https://api.telegram.org/bot7953046471:AAFi4pFiEm-_tVu30Ci81Pb3THkAdmYtKFY/getUpdates "HTTP/1.1 200 OK"
2025-06-21 09:27:16,833 - httpx - INFO - HTTP Request: POST https://api.telegram.org/bot7953046471:AAFi4pFiEm-_tVu30Ci81Pb3THkAdmYtKFY/getUpdates "HTTP/1.1 200 OK"
2025-06-21 09:27:27,063 - httpx - INFO - HTTP Request: POST https://api.telegram.org/bot7953046471:AAFi4pFiEm-_tVu30Ci81Pb3THkAdmYtKFY/getUpdates "HTTP/1.1 200 OK"
2025-06-21 09:27:37,304 - httpx - INFO - HTTP Request: POST https://api.telegram.org/bot7953046471:AAFi4pFiEm-_tVu30Ci81Pb3THkAdmYtKFY/getUpdates "HTTP/1.1 200 OK"
2025-06-21 09:27:47,449 - httpx - INFO - HTTP Request: POST https://api.telegram.org/bot7953046471:AAFi4pFiEm-_tVu30Ci81Pb3THkAdmYtKFY/getUpdates "HTTP/1.1 200 OK"
2025-06-21 09:27:57,595 - httpx - INFO - HTTP Request: POST https://api.telegram.org/bot7953046471:AAFi4pFiEm-_tVu30Ci81Pb3THkAdmYtKFY/getUpdates "HTTP/1.1 200 OK"
2025-06-21 09:28:07,756 - httpx - INFO - HTTP Request: POST https://api.telegram.org/bot7953046471:AAFi4pFiEm-_tVu30Ci81Pb3THkAdmYtKFY/getUpdates "HTTP/1.1 200 OK"
2025-06-21 09:28:17,901 - httpx - INFO - HTTP Request: POST https://api.telegram.org/bot7953046471:AAFi4pFiEm-_tVu30Ci81Pb3THkAdmYtKFY/getUpdates "HTTP/1.1 200 OK"
2025-06-21 09:28:28,049 - httpx - INFO - HTTP Request: POST https://api.telegram.org/bot7953046471:AAFi4pFiEm-_tVu30Ci81Pb3THkAdmYtKFY/getUpdates "HTTP/1.1 200 OK"
2025-06-21 09:28:38,231 - httpx - INFO - HTTP Request: POST https://api.telegram.org/bot7953046471:AAFi4pFiEm-_tVu30Ci81Pb3THkAdmYtKFY/getUpdates "HTTP/1.1 200 OK"
2025-06-21 09:28:48,394 - httpx - INFO - HTTP Request: POST https://api.telegram.org/bot7953046471:AAFi4pFiEm-_tVu30Ci81Pb3THkAdmYtKFY/getUpdates "HTTP/1.1 200 OK"
2025-06-21 09:28:58,548 - httpx - INFO - HTTP Request: POST https://api.telegram.org/bot7953046471:AAFi4pFiEm-_tVu30Ci81Pb3THkAdmYtKFY/getUpdates "HTTP/1.1 200 OK"
2025-06-21 09:29:08,704 - httpx - INFO - HTTP Request: POST https://api.telegram.org/bot7953046471:AAFi4pFiEm-_tVu30Ci81Pb3THkAdmYtKFY/getUpdates "HTTP/1.1 200 OK"
2025-06-21 09:29:18,851 - httpx - INFO - HTTP Request: POST https://api.telegram.org/bot7953046471:AAFi4pFiEm-_tVu30Ci81Pb3THkAdmYtKFY/getUpdates "HTTP/1.1 200 OK"
2025-06-21 09:29:29,022 - httpx - INFO - HTTP Request: POST https://api.telegram.org/bot7953046471:AAFi4pFiEm-_tVu30Ci81Pb3THkAdmYtKFY/getUpdates "HTTP/1.1 200 OK"
2025-06-21 09:29:39,188 - httpx - INFO - HTTP Request: POST https://api.telegram.org/bot7953046471:AAFi4pFiEm-_tVu30Ci81Pb3THkAdmYtKFY/getUpdates "HTTP/1.1 200 OK"
2025-06-21 09:29:49,406 - httpx - INFO - HTTP Request: POST https://api.telegram.org/bot7953046471:AAFi4pFiEm-_tVu30Ci81Pb3THkAdmYtKFY/getUpdates "HTTP/1.1 200 OK"
2025-06-21 09:29:59,558 - httpx - INFO - HTTP Request: POST https://api.telegram.org/bot7953046471:AAFi4pFiEm-_tVu30Ci81Pb3THkAdmYtKFY/getUpdates "HTTP/1.1 200 OK"
2025-06-21 09:30:09,709 - httpx - INFO - HTTP Request: POST https://api.telegram.org/bot7953046471:AAFi4pFiEm-_tVu30Ci81Pb3THkAdmYtKFY/getUpdates "HTTP/1.1 200 OK"
2025-06-21 09:30:19,852 - httpx - INFO - HTTP Request: POST https://api.telegram.org/bot7953046471:AAFi4pFiEm-_tVu30Ci81Pb3THkAdmYtKFY/getUpdates "HTTP/1.1 200 OK"
2025-06-21 09:30:30,056 - httpx - INFO - HTTP Request: POST https://api.telegram.org/bot7953046471:AAFi4pFiEm-_tVu30Ci81Pb3THkAdmYtKFY/getUpdates "HTTP/1.1 200 OK"
2025-06-21 09:30:40,296 - httpx - INFO - HTTP Request: POST https://api.telegram.org/bot7953046471:AAFi4pFiEm-_tVu30Ci81Pb3THkAdmYtKFY/getUpdates "HTTP/1.1 200 OK"
2025-06-21 09:30:50,458 - httpx - INFO - HTTP Request: POST https://api.telegram.org/bot7953046471:AAFi4pFiEm-_tVu30Ci81Pb3THkAdmYtKFY/getUpdates "HTTP/1.1 200 OK"
2025-06-21 09:31:00,605 - httpx - INFO - HTTP Request: POST https://api.telegram.org/bot7953046471:AAFi4pFiEm-_tVu30Ci81Pb3THkAdmYtKFY/getUpdates "HTTP/1.1 200 OK"
2025-06-21 09:31:10,821 - httpx - INFO - HTTP Request: POST https://api.telegram.org/bot7953046471:AAFi4pFiEm-_tVu30Ci81Pb3THkAdmYtKFY/getUpdates "HTTP/1.1 200 OK"
2025-06-21 09:31:21,052 - httpx - INFO - HTTP Request: POST https://api.telegram.org/bot7953046471:AAFi4pFiEm-_tVu30Ci81Pb3THkAdmYtKFY/getUpdates "HTTP/1.1 200 OK"
2025-06-21 09:31:31,225 - httpx - INFO - HTTP Request: POST https://api.telegram.org/bot7953046471:AAFi4pFiEm-_tVu30Ci81Pb3THkAdmYtKFY/getUpdates "HTTP/1.1 200 OK"
2025-06-21 09:31:41,431 - httpx - INFO - HTTP Request: POST https://api.telegram.org/bot7953046471:AAFi4pFiEm-_tVu30Ci81Pb3THkAdmYtKFY/getUpdates "HTTP/1.1 200 OK"
2025-06-21 09:31:51,576 - httpx - INFO - HTTP Request: POST https://api.telegram.org/bot7953046471:AAFi4pFiEm-_tVu30Ci81Pb3THkAdmYtKFY/getUpdates "HTTP/1.1 200 OK"
2025-06-21 09:32:01,767 - httpx - INFO - HTTP Request: POST https://api.telegram.org/bot7953046471:AAFi4pFiEm-_tVu30Ci81Pb3THkAdmYtKFY/getUpdates "HTTP/1.1 200 OK"
2025-06-21 09:32:11,924 - httpx - INFO - HTTP Request: POST https://api.telegram.org/bot7953046471:AAFi4pFiEm-_tVu30Ci81Pb3THkAdmYtKFY/getUpdates "HTTP/1.1 200 OK"
2025-06-21 09:32:22,075 - httpx - INFO - HTTP Request: POST https://api.telegram.org/bot7953046471:AAFi4pFiEm-_tVu30Ci81Pb3THkAdmYtKFY/getUpdates "HTTP/1.1 200 OK"
2025-06-21 09:32:32,224 - httpx - INFO - HTTP Request: POST https://api.telegram.org/bot7953046471:AAFi4pFiEm-_tVu30Ci81Pb3THkAdmYtKFY/getUpdates "HTTP/1.1 200 OK"
2025-06-21 09:32:42,373 - httpx - INFO - HTTP Request: POST https://api.telegram.org/bot7953046471:AAFi4pFiEm-_tVu30Ci81Pb3THkAdmYtKFY/getUpdates "HTTP/1.1 200 OK"
2025-06-21 09:32:52,599 - httpx - INFO - HTTP Request: POST https://api.telegram.org/bot7953046471:AAFi4pFiEm-_tVu30Ci81Pb3THkAdmYtKFY/getUpdates "HTTP/1.1 200 OK"
2025-06-21 09:33:02,839 - httpx - INFO - HTTP Request: POST https://api.telegram.org/bot7953046471:AAFi4pFiEm-_tVu30Ci81Pb3THkAdmYtKFY/getUpdates "HTTP/1.1 200 OK"
2025-06-21 09:33:13,083 - httpx - INFO - HTTP Request: POST https://api.telegram.org/bot7953046471:AAFi4pFiEm-_tVu30Ci81Pb3THkAdmYtKFY/getUpdates "HTTP/1.1 200 OK"
2025-06-21 09:33:23,230 - httpx - INFO - HTTP Request: POST https://api.telegram.org/bot7953046471:AAFi4pFiEm-_tVu30Ci81Pb3THkAdmYtKFY/getUpdates "HTTP/1.1 200 OK"
2025-06-21 09:33:33,376 - httpx - INFO - HTTP Request: POST https://api.telegram.org/bot7953046471:AAFi4pFiEm-_tVu30Ci81Pb3THkAdmYtKFY/getUpdates "HTTP/1.1 200 OK"
2025-06-21 09:33:43,596 - httpx - INFO - HTTP Request: POST https://api.telegram.org/bot7953046471:AAFi4pFiEm-_tVu30Ci81Pb3THkAdmYtKFY/getUpdates "HTTP/1.1 200 OK"
2025-06-21 09:33:53,835 - httpx - INFO - HTTP Request: POST https://api.telegram.org/bot7953046471:AAFi4pFiEm-_tVu30Ci81Pb3THkAdmYtKFY/getUpdates "HTTP/1.1 200 OK"
2025-06-21 09:34:04,076 - httpx - INFO - HTTP Request: POST https://api.telegram.org/bot7953046471:AAFi4pFiEm-_tVu30Ci81Pb3THkAdmYtKFY/getUpdates "HTTP/1.1 200 OK"
2025-06-21 09:34:14,317 - httpx - INFO - HTTP Request: POST https://api.telegram.org/bot7953046471:AAFi4pFiEm-_tVu30Ci81Pb3THkAdmYtKFY/getUpdates "HTTP/1.1 200 OK"
2025-06-21 09:34:24,558 - httpx - INFO - HTTP Request: POST https://api.telegram.org/bot7953046471:AAFi4pFiEm-_tVu30Ci81Pb3THkAdmYtKFY/getUpdates "HTTP/1.1 200 OK"
2025-06-21 09:34:34,711 - httpx - INFO - HTTP Request: POST https://api.telegram.org/bot7953046471:AAFi4pFiEm-_tVu30Ci81Pb3THkAdmYtKFY/getUpdates "HTTP/1.1 200 OK"
2025-06-21 09:34:44,935 - httpx - INFO - HTTP Request: POST https://api.telegram.org/bot7953046471:AAFi4pFiEm-_tVu30Ci81Pb3THkAdmYtKFY/getUpdates "HTTP/1.1 200 OK"
2025-06-21 09:34:55,174 - httpx - INFO - HTTP Request: POST https://api.telegram.org/bot7953046471:AAFi4pFiEm-_tVu30Ci81Pb3THkAdmYtKFY/getUpdates "HTTP/1.1 200 OK"
2025-06-21 09:35:05,416 - httpx - INFO - HTTP Request: POST https://api.telegram.org/bot7953046471:AAFi4pFiEm-_tVu30Ci81Pb3THkAdmYtKFY/getUpdates "HTTP/1.1 200 OK"
2025-06-21 09:35:15,564 - httpx - INFO - HTTP Request: POST https://api.telegram.org/bot7953046471:AAFi4pFiEm-_tVu30Ci81Pb3THkAdmYtKFY/getUpdates "HTTP/1.1 200 OK"
2025-06-21 09:35:25,794 - httpx - INFO - HTTP Request: POST https://api.telegram.org/bot7953046471:AAFi4pFiEm-_tVu30Ci81Pb3THkAdmYtKFY/getUpdates "HTTP/1.1 200 OK"
2025-06-21 09:35:36,033 - httpx - INFO - HTTP Request: POST https://api.telegram.org/bot7953046471:AAFi4pFiEm-_tVu30Ci81Pb3THkAdmYtKFY/getUpdates "HTTP/1.1 200 OK"
2025-06-21 09:35:46,275 - httpx - INFO - HTTP Request: POST https://api.telegram.org/bot7953046471:AAFi4pFiEm-_tVu30Ci81Pb3THkAdmYtKFY/getUpdates "HTTP/1.1 200 OK"
2025-06-21 09:35:56,513 - httpx - INFO - HTTP Request: POST https://api.telegram.org/bot7953046471:AAFi4pFiEm-_tVu30Ci81Pb3THkAdmYtKFY/getUpdates "HTTP/1.1 200 OK"
2025-06-21 09:36:06,706 - httpx - INFO - HTTP Request: POST https://api.telegram.org/bot7953046471:AAFi4pFiEm-_tVu30Ci81Pb3THkAdmYtKFY/getUpdates "HTTP/1.1 200 OK"
2025-06-21 09:36:17,302 - httpx - INFO - HTTP Request: POST https://api.telegram.org/bot7953046471:AAFi4pFiEm-_tVu30Ci81Pb3THkAdmYtKFY/getUpdates "HTTP/1.1 200 OK"
2025-06-21 09:36:27,543 - httpx - INFO - HTTP Request: POST https://api.telegram.org/bot7953046471:AAFi4pFiEm-_tVu30Ci81Pb3THkAdmYtKFY/getUpdates "HTTP/1.1 200 OK"
2025-06-21 09:36:37,783 - httpx - INFO - HTTP Request: POST https://api.telegram.org/bot7953046471:AAFi4pFiEm-_tVu30Ci81Pb3THkAdmYtKFY/getUpdates "HTTP/1.1 200 OK"
2025-06-21 09:36:47,939 - httpx - INFO - HTTP Request: POST https://api.telegram.org/bot7953046471:AAFi4pFiEm-_tVu30Ci81Pb3THkAdmYtKFY/getUpdates "HTTP/1.1 200 OK"
2025-06-21 09:36:58,160 - httpx - INFO - HTTP Request: POST https://api.telegram.org/bot7953046471:AAFi4pFiEm-_tVu30Ci81Pb3THkAdmYtKFY/getUpdates "HTTP/1.1 200 OK"
2025-06-21 09:37:08,400 - httpx - INFO - HTTP Request: POST https://api.telegram.org/bot7953046471:AAFi4pFiEm-_tVu30Ci81Pb3THkAdmYtKFY/getUpdates "HTTP/1.1 200 OK"
2025-06-21 09:37:18,640 - httpx - INFO - HTTP Request: POST https://api.telegram.org/bot7953046471:AAFi4pFiEm-_tVu30Ci81Pb3THkAdmYtKFY/getUpdates "HTTP/1.1 200 OK"
2025-06-21 09:37:28,880 - httpx - INFO - HTTP Request: POST https://api.telegram.org/bot7953046471:AAFi4pFiEm-_tVu30Ci81Pb3THkAdmYtKFY/getUpdates "HTTP/1.1 200 OK"
2025-06-21 09:37:39,121 - httpx - INFO - HTTP Request: POST https://api.telegram.org/bot7953046471:AAFi4pFiEm-_tVu30Ci81Pb3THkAdmYtKFY/getUpdates "HTTP/1.1 200 OK"
2025-06-21 09:37:49,465 - httpx - INFO - HTTP Request: POST https://api.telegram.org/bot7953046471:AAFi4pFiEm-_tVu30Ci81Pb3THkAdmYtKFY/getUpdates "HTTP/1.1 200 OK"
2025-06-21 09:37:59,607 - httpx - INFO - HTTP Request: POST https://api.telegram.org/bot7953046471:AAFi4pFiEm-_tVu30Ci81Pb3THkAdmYtKFY/getUpdates "HTTP/1.1 200 OK"
2025-06-21 09:38:09,803 - httpx - INFO - HTTP Request: POST https://api.telegram.org/bot7953046471:AAFi4pFiEm-_tVu30Ci81Pb3THkAdmYtKFY/getUpdates "HTTP/1.1 200 OK"
2025-06-21 09:38:19,951 - httpx - INFO - HTTP Request: POST https://api.telegram.org/bot7953046471:AAFi4pFiEm-_tVu30Ci81Pb3THkAdmYtKFY/getUpdates "HTTP/1.1 200 OK"
2025-06-21 09:38:30,118 - httpx - INFO - HTTP Request: POST https://api.telegram.org/bot7953046471:AAFi4pFiEm-_tVu30Ci81Pb3THkAdmYtKFY/getUpdates "HTTP/1.1 200 OK"
2025-06-21 09:38:40,264 - httpx - INFO - HTTP Request: POST https://api.telegram.org/bot7953046471:AAFi4pFiEm-_tVu30Ci81Pb3THkAdmYtKFY/getUpdates "HTTP/1.1 200 OK"
2025-06-21 09:38:50,409 - httpx - INFO - HTTP Request: POST https://api.telegram.org/bot7953046471:AAFi4pFiEm-_tVu30Ci81Pb3THkAdmYtKFY/getUpdates "HTTP/1.1 200 OK"
2025-06-21 09:39:00,551 - httpx - INFO - HTTP Request: POST https://api.telegram.org/bot7953046471:AAFi4pFiEm-_tVu30Ci81Pb3THkAdmYtKFY/getUpdates "HTTP/1.1 200 OK"
2025-06-21 09:39:10,698 - httpx - INFO - HTTP Request: POST https://api.telegram.org/bot7953046471:AAFi4pFiEm-_tVu30Ci81Pb3THkAdmYtKFY/getUpdates "HTTP/1.1 200 OK"
2025-06-21 09:39:20,907 - httpx - INFO - HTTP Request: POST https://api.telegram.org/bot7953046471:AAFi4pFiEm-_tVu30Ci81Pb3THkAdmYtKFY/getUpdates "HTTP/1.1 200 OK"
2025-06-21 09:39:31,086 - httpx - INFO - HTTP Request: POST https://api.telegram.org/bot7953046471:AAFi4pFiEm-_tVu30Ci81Pb3THkAdmYtKFY/getUpdates "HTTP/1.1 200 OK"
2025-06-21 09:39:41,263 - httpx - INFO - HTTP Request: POST https://api.telegram.org/bot7953046471:AAFi4pFiEm-_tVu30Ci81Pb3THkAdmYtKFY/getUpdates "HTTP/1.1 200 OK"
2025-06-21 09:39:51,423 - httpx - INFO - HTTP Request: POST https://api.telegram.org/bot7953046471:AAFi4pFiEm-_tVu30Ci81Pb3THkAdmYtKFY/getUpdates "HTTP/1.1 200 OK"
2025-06-21 09:40:01,571 - httpx - INFO - HTTP Request: POST https://api.telegram.org/bot7953046471:AAFi4pFiEm-_tVu30Ci81Pb3THkAdmYtKFY/getUpdates "HTTP/1.1 200 OK"
2025-06-21 09:40:11,714 - httpx - INFO - HTTP Request: POST https://api.telegram.org/bot7953046471:AAFi4pFiEm-_tVu30Ci81Pb3THkAdmYtKFY/getUpdates "HTTP/1.1 200 OK"
2025-06-21 09:40:21,941 - httpx - INFO - HTTP Request: POST https://api.telegram.org/bot7953046471:AAFi4pFiEm-_tVu30Ci81Pb3THkAdmYtKFY/getUpdates "HTTP/1.1 200 OK"
2025-06-21 09:40:32,181 - httpx - INFO - HTTP Request: POST https://api.telegram.org/bot7953046471:AAFi4pFiEm-_tVu30Ci81Pb3THkAdmYtKFY/getUpdates "HTTP/1.1 200 OK"
2025-06-21 09:40:42,347 - httpx - INFO - HTTP Request: POST https://api.telegram.org/bot7953046471:AAFi4pFiEm-_tVu30Ci81Pb3THkAdmYtKFY/getUpdates "HTTP/1.1 200 OK"
2025-06-21 09:40:52,499 - httpx - INFO - HTTP Request: POST https://api.telegram.org/bot7953046471:AAFi4pFiEm-_tVu30Ci81Pb3THkAdmYtKFY/getUpdates "HTTP/1.1 200 OK"
2025-06-21 09:41:02,646 - httpx - INFO - HTTP Request: POST https://api.telegram.org/bot7953046471:AAFi4pFiEm-_tVu30Ci81Pb3THkAdmYtKFY/getUpdates "HTTP/1.1 200 OK"
2025-06-21 09:41:12,824 - httpx - INFO - HTTP Request: POST https://api.telegram.org/bot7953046471:AAFi4pFiEm-_tVu30Ci81Pb3THkAdmYtKFY/getUpdates "HTTP/1.1 200 OK"
2025-06-21 09:41:22,974 - httpx - INFO - HTTP Request: POST https://api.telegram.org/bot7953046471:AAFi4pFiEm-_tVu30Ci81Pb3THkAdmYtKFY/getUpdates "HTTP/1.1 200 OK"
2025-06-21 09:41:33,299 - httpx - INFO - HTTP Request: POST https://api.telegram.org/bot7953046471:AAFi4pFiEm-_tVu30Ci81Pb3THkAdmYtKFY/getUpdates "HTTP/1.1 200 OK"
2025-06-21 09:41:43,452 - httpx - INFO - HTTP Request: POST https://api.telegram.org/bot7953046471:AAFi4pFiEm-_tVu30Ci81Pb3THkAdmYtKFY/getUpdates "HTTP/1.1 200 OK"
2025-06-21 09:41:53,602 - httpx - INFO - HTTP Request: POST https://api.telegram.org/bot7953046471:AAFi4pFiEm-_tVu30Ci81Pb3THkAdmYtKFY/getUpdates "HTTP/1.1 200 OK"
2025-06-21 09:42:03,747 - httpx - INFO - HTTP Request: POST https://api.telegram.org/bot7953046471:AAFi4pFiEm-_tVu30Ci81Pb3THkAdmYtKFY/getUpdates "HTTP/1.1 200 OK"
2025-06-21 09:42:13,968 - httpx - INFO - HTTP Request: POST https://api.telegram.org/bot7953046471:AAFi4pFiEm-_tVu30Ci81Pb3THkAdmYtKFY/getUpdates "HTTP/1.1 200 OK"
2025-06-21 09:42:24,209 - httpx - INFO - HTTP Request: POST https://api.telegram.org/bot7953046471:AAFi4pFiEm-_tVu30Ci81Pb3THkAdmYtKFY/getUpdates "HTTP/1.1 200 OK"
2025-06-21 09:42:34,371 - httpx - INFO - HTTP Request: POST https://api.telegram.org/bot7953046471:AAFi4pFiEm-_tVu30Ci81Pb3THkAdmYtKFY/getUpdates "HTTP/1.1 200 OK"
2025-06-21 09:42:40,085 - telegram.ext.Application - INFO - Application is stopping. This might take a moment.
2025-06-21 09:42:40,086 - telegram.ext.Application - INFO - Application.stop() complete
